[0.453s] DEBUG:colcon:Command line arguments: ['/usr/bin/colcon', 'build']
[0.454s] DEBUG:colcon:Parsed command line arguments: Namespace(allow_overriding=[], ament_cmake_args=None, base_paths=['.'], build_base='build', catkin_cmake_args=None, catkin_skip_building_tests=False, cmake_args=None, cmake_clean_cache=False, cmake_clean_first=False, cmake_force_configure=False, cmake_target=None, cmake_target_skip_unavailable=False, continue_on_error=False, event_handlers=None, executor='parallel', ignore_user_meta=False, install_base='install', log_base=None, log_level=None, main=<bound method BuildVerb.main of <colcon_core.verb.build.BuildVerb object at 0x7f0705c979a0>>, merge_install=False, metas=['./colcon.meta'], packages_above=None, packages_above_and_dependencies=None, packages_above_depth=None, packages_end=None, packages_ignore=None, packages_ignore_regex=None, packages_select=None, packages_select_build_failed=False, packages_select_by_dep=None, packages_select_regex=None, packages_select_test_failures=False, packages_skip=None, packages_skip_build_finished=False, packages_skip_by_dep=None, packages_skip_regex=None, packages_skip_test_passed=False, packages_skip_up_to=None, packages_start=None, packages_up_to=None, packages_up_to_regex=None, parallel_workers=8, paths=None, symlink_install=False, test_result_base=None, verb_extension=<colcon_core.verb.build.BuildVerb object at 0x7f0705c979a0>, verb_name='build', verb_parser=<colcon_defaults.argument_parser.defaults.DefaultArgumentsDecorator object at 0x7f070530fdf0>)
[0.481s] Level 1:colcon.colcon_core.package_discovery:discover_packages(colcon_meta) check parameters
[0.481s] Level 1:colcon.colcon_core.package_discovery:discover_packages(recursive) check parameters
[0.481s] Level 1:colcon.colcon_core.package_discovery:discover_packages(ignore) check parameters
[0.481s] Level 1:colcon.colcon_core.package_discovery:discover_packages(path) check parameters
[0.481s] Level 1:colcon.colcon_core.package_discovery:discover_packages(colcon_meta) discover
[0.481s] Level 1:colcon.colcon_core.package_discovery:discover_packages(recursive) discover
[0.481s] INFO:colcon.colcon_core.package_discovery:Crawling recursively for packages in '/home/adithyakvh/Courses/ROS_Data_Logger/Fathom_Radiant'
[0.481s] Level 1:colcon.colcon_core.package_identification:_identify(.) by extensions ['ignore', 'ignore_ament_install']
[0.481s] Level 1:colcon.colcon_core.package_identification:_identify(.) by extension 'ignore'
[0.481s] Level 1:colcon.colcon_core.package_identification:_identify(.) by extension 'ignore_ament_install'
[0.481s] Level 1:colcon.colcon_core.package_identification:_identify(.) by extensions ['colcon_pkg']
[0.481s] Level 1:colcon.colcon_core.package_identification:_identify(.) by extension 'colcon_pkg'
[0.481s] Level 1:colcon.colcon_core.package_identification:_identify(.) by extensions ['colcon_meta']
[0.481s] Level 1:colcon.colcon_core.package_identification:_identify(.) by extension 'colcon_meta'
[0.481s] Level 1:colcon.colcon_core.package_identification:_identify(.) by extensions ['ros']
[0.481s] Level 1:colcon.colcon_core.package_identification:_identify(.) by extension 'ros'
[0.493s] Level 1:colcon.colcon_core.package_identification:_identify(.) by extensions ['cmake', 'python']
[0.493s] Level 1:colcon.colcon_core.package_identification:_identify(.) by extension 'cmake'
[0.493s] Level 1:colcon.colcon_core.package_identification:_identify(.) by extension 'python'
[0.493s] Level 1:colcon.colcon_core.package_identification:_identify(.) by extensions ['python_setup_py']
[0.493s] Level 1:colcon.colcon_core.package_identification:_identify(.) by extension 'python_setup_py'
[0.493s] Level 1:colcon.colcon_core.package_identification:_identify(build) by extensions ['ignore', 'ignore_ament_install']
[0.493s] Level 1:colcon.colcon_core.package_identification:_identify(build) by extension 'ignore'
[0.493s] Level 1:colcon.colcon_core.package_identification:_identify(build) ignored
[0.493s] Level 1:colcon.colcon_core.package_identification:_identify(install) by extensions ['ignore', 'ignore_ament_install']
[0.493s] Level 1:colcon.colcon_core.package_identification:_identify(install) by extension 'ignore'
[0.493s] Level 1:colcon.colcon_core.package_identification:_identify(install) ignored
[0.494s] Level 1:colcon.colcon_core.package_identification:_identify(log) by extensions ['ignore', 'ignore_ament_install']
[0.494s] Level 1:colcon.colcon_core.package_identification:_identify(log) by extension 'ignore'
[0.494s] Level 1:colcon.colcon_core.package_identification:_identify(log) ignored
[0.494s] Level 1:colcon.colcon_core.package_identification:_identify(src) by extensions ['ignore', 'ignore_ament_install']
[0.494s] Level 1:colcon.colcon_core.package_identification:_identify(src) by extension 'ignore'
[0.494s] Level 1:colcon.colcon_core.package_identification:_identify(src) by extension 'ignore_ament_install'
[0.494s] Level 1:colcon.colcon_core.package_identification:_identify(src) by extensions ['colcon_pkg']
[0.494s] Level 1:colcon.colcon_core.package_identification:_identify(src) by extension 'colcon_pkg'
[0.494s] Level 1:colcon.colcon_core.package_identification:_identify(src) by extensions ['colcon_meta']
[0.494s] Level 1:colcon.colcon_core.package_identification:_identify(src) by extension 'colcon_meta'
[0.494s] Level 1:colcon.colcon_core.package_identification:_identify(src) by extensions ['ros']
[0.494s] Level 1:colcon.colcon_core.package_identification:_identify(src) by extension 'ros'
[0.494s] Level 1:colcon.colcon_core.package_identification:_identify(src) by extensions ['cmake', 'python']
[0.494s] Level 1:colcon.colcon_core.package_identification:_identify(src) by extension 'cmake'
[0.494s] Level 1:colcon.colcon_core.package_identification:_identify(src) by extension 'python'
[0.494s] Level 1:colcon.colcon_core.package_identification:_identify(src) by extensions ['python_setup_py']
[0.494s] Level 1:colcon.colcon_core.package_identification:_identify(src) by extension 'python_setup_py'
[0.494s] Level 1:colcon.colcon_core.package_identification:_identify(src/custom_interface) by extensions ['ignore', 'ignore_ament_install']
[0.495s] Level 1:colcon.colcon_core.package_identification:_identify(src/custom_interface) by extension 'ignore'
[0.495s] Level 1:colcon.colcon_core.package_identification:_identify(src/custom_interface) by extension 'ignore_ament_install'
[0.495s] Level 1:colcon.colcon_core.package_identification:_identify(src/custom_interface) by extensions ['colcon_pkg']
[0.495s] Level 1:colcon.colcon_core.package_identification:_identify(src/custom_interface) by extension 'colcon_pkg'
[0.495s] Level 1:colcon.colcon_core.package_identification:_identify(src/custom_interface) by extensions ['colcon_meta']
[0.495s] Level 1:colcon.colcon_core.package_identification:_identify(src/custom_interface) by extension 'colcon_meta'
[0.495s] Level 1:colcon.colcon_core.package_identification:_identify(src/custom_interface) by extensions ['ros']
[0.495s] Level 1:colcon.colcon_core.package_identification:_identify(src/custom_interface) by extension 'ros'
[0.497s] DEBUG:colcon.colcon_core.package_identification:Package 'src/custom_interface' with type 'ros.ament_cmake' and name 'custom_interface'
[0.498s] Level 1:colcon.colcon_core.package_identification:_identify(src/my_package) by extensions ['ignore', 'ignore_ament_install']
[0.498s] Level 1:colcon.colcon_core.package_identification:_identify(src/my_package) by extension 'ignore'
[0.498s] Level 1:colcon.colcon_core.package_identification:_identify(src/my_package) by extension 'ignore_ament_install'
[0.498s] Level 1:colcon.colcon_core.package_identification:_identify(src/my_package) by extensions ['colcon_pkg']
[0.498s] Level 1:colcon.colcon_core.package_identification:_identify(src/my_package) by extension 'colcon_pkg'
[0.498s] Level 1:colcon.colcon_core.package_identification:_identify(src/my_package) by extensions ['colcon_meta']
[0.498s] Level 1:colcon.colcon_core.package_identification:_identify(src/my_package) by extension 'colcon_meta'
[0.498s] Level 1:colcon.colcon_core.package_identification:_identify(src/my_package) by extensions ['ros']
[0.498s] Level 1:colcon.colcon_core.package_identification:_identify(src/my_package) by extension 'ros'
[0.499s] DEBUG:colcon.colcon_core.package_identification:Package 'src/my_package' with type 'ros.ament_python' and name 'my_package'
[0.499s] Level 1:colcon.colcon_core.package_discovery:discover_packages(recursive) using defaults
[0.499s] Level 1:colcon.colcon_core.package_discovery:discover_packages(ignore) discover
[0.499s] Level 1:colcon.colcon_core.package_discovery:discover_packages(ignore) using defaults
[0.499s] Level 1:colcon.colcon_core.package_discovery:discover_packages(path) discover
[0.499s] Level 1:colcon.colcon_core.package_discovery:discover_packages(path) using defaults
[0.529s] Level 1:colcon.colcon_core.package_discovery:discover_packages(prefix_path) check parameters
[0.529s] Level 1:colcon.colcon_core.package_discovery:discover_packages(prefix_path) discover
[0.534s] DEBUG:colcon.colcon_installed_package_information.package_discovery:Found 2 installed packages in /home/adithyakvh/Courses/ROS_Data_Logger/Fathom_Radiant/install
[0.537s] DEBUG:colcon.colcon_installed_package_information.package_discovery:Found 266 installed packages in /opt/ros/foxy
[0.540s] DEBUG:colcon.colcon_installed_package_information.package_discovery:Found 1 installed packages in /opt/ros/noetic
[0.541s] Level 1:colcon.colcon_core.package_discovery:discover_packages(prefix_path) using defaults
[0.614s] Level 5:colcon.colcon_core.verb:set package 'custom_interface' build argument 'cmake_args' from command line to 'None'
[0.615s] Level 5:colcon.colcon_core.verb:set package 'custom_interface' build argument 'cmake_target' from command line to 'None'
[0.615s] Level 5:colcon.colcon_core.verb:set package 'custom_interface' build argument 'cmake_target_skip_unavailable' from command line to 'False'
[0.615s] Level 5:colcon.colcon_core.verb:set package 'custom_interface' build argument 'cmake_clean_cache' from command line to 'False'
[0.615s] Level 5:colcon.colcon_core.verb:set package 'custom_interface' build argument 'cmake_clean_first' from command line to 'False'
[0.615s] Level 5:colcon.colcon_core.verb:set package 'custom_interface' build argument 'cmake_force_configure' from command line to 'False'
[0.615s] Level 5:colcon.colcon_core.verb:set package 'custom_interface' build argument 'ament_cmake_args' from command line to 'None'
[0.615s] Level 5:colcon.colcon_core.verb:set package 'custom_interface' build argument 'catkin_cmake_args' from command line to 'None'
[0.615s] Level 5:colcon.colcon_core.verb:set package 'custom_interface' build argument 'catkin_skip_building_tests' from command line to 'False'
[0.615s] DEBUG:colcon.colcon_core.verb:Building package 'custom_interface' with the following arguments: {'ament_cmake_args': None, 'build_base': '/home/adithyakvh/Courses/ROS_Data_Logger/Fathom_Radiant/build/custom_interface', 'catkin_cmake_args': None, 'catkin_skip_building_tests': False, 'cmake_args': None, 'cmake_clean_cache': False, 'cmake_clean_first': False, 'cmake_force_configure': False, 'cmake_target': None, 'cmake_target_skip_unavailable': False, 'install_base': '/home/adithyakvh/Courses/ROS_Data_Logger/Fathom_Radiant/install/custom_interface', 'merge_install': False, 'path': '/home/adithyakvh/Courses/ROS_Data_Logger/Fathom_Radiant/src/custom_interface', 'symlink_install': False, 'test_result_base': None}
[0.617s] Level 5:colcon.colcon_core.verb:set package 'my_package' build argument 'cmake_args' from command line to 'None'
[0.617s] Level 5:colcon.colcon_core.verb:set package 'my_package' build argument 'cmake_target' from command line to 'None'
[0.617s] Level 5:colcon.colcon_core.verb:set package 'my_package' build argument 'cmake_target_skip_unavailable' from command line to 'False'
[0.617s] Level 5:colcon.colcon_core.verb:set package 'my_package' build argument 'cmake_clean_cache' from command line to 'False'
[0.617s] Level 5:colcon.colcon_core.verb:set package 'my_package' build argument 'cmake_clean_first' from command line to 'False'
[0.617s] Level 5:colcon.colcon_core.verb:set package 'my_package' build argument 'cmake_force_configure' from command line to 'False'
[0.617s] Level 5:colcon.colcon_core.verb:set package 'my_package' build argument 'ament_cmake_args' from command line to 'None'
[0.617s] Level 5:colcon.colcon_core.verb:set package 'my_package' build argument 'catkin_cmake_args' from command line to 'None'
[0.617s] Level 5:colcon.colcon_core.verb:set package 'my_package' build argument 'catkin_skip_building_tests' from command line to 'False'
[0.617s] DEBUG:colcon.colcon_core.verb:Building package 'my_package' with the following arguments: {'ament_cmake_args': None, 'build_base': '/home/adithyakvh/Courses/ROS_Data_Logger/Fathom_Radiant/build/my_package', 'catkin_cmake_args': None, 'catkin_skip_building_tests': False, 'cmake_args': None, 'cmake_clean_cache': False, 'cmake_clean_first': False, 'cmake_force_configure': False, 'cmake_target': None, 'cmake_target_skip_unavailable': False, 'install_base': '/home/adithyakvh/Courses/ROS_Data_Logger/Fathom_Radiant/install/my_package', 'merge_install': False, 'path': '/home/adithyakvh/Courses/ROS_Data_Logger/Fathom_Radiant/src/my_package', 'symlink_install': False, 'test_result_base': None}
[0.618s] INFO:colcon.colcon_core.executor:Executing jobs using 'parallel' executor
[0.627s] DEBUG:colcon.colcon_parallel_executor.executor.parallel:run_until_complete
[0.627s] INFO:colcon.colcon_ros.task.ament_cmake.build:Building ROS package in '/home/adithyakvh/Courses/ROS_Data_Logger/Fathom_Radiant/src/custom_interface' with build type 'ament_cmake'
[0.627s] INFO:colcon.colcon_cmake.task.cmake.build:Building CMake package in '/home/adithyakvh/Courses/ROS_Data_Logger/Fathom_Radiant/src/custom_interface'
[0.633s] INFO:colcon.colcon_core.plugin_system:Skipping extension 'colcon_core.shell.bat': Not used on non-Windows systems
[0.634s] INFO:colcon.colcon_core.shell:Skip shell extension 'powershell' for command environment: Not usable outside of PowerShell
[0.634s] DEBUG:colcon.colcon_core.shell:Skip shell extension 'dsv' for command environment
[0.641s] DEBUG:colcon.colcon_core.shell:Ignoring prefix path '/home/adithyakvh/ROS_Installations/catkin_ws/devel'
[0.646s] INFO:colcon.colcon_ros.task.ament_python.build:Building ROS package in '/home/adithyakvh/Courses/ROS_Data_Logger/Fathom_Radiant/src/my_package' with build type 'ament_python'
[0.647s] Level 1:colcon.colcon_core.shell:create_environment_hook('my_package', 'ament_prefix_path')
[0.651s] INFO:colcon.colcon_core.shell:Creating environment hook '/home/adithyakvh/Courses/ROS_Data_Logger/Fathom_Radiant/install/my_package/share/my_package/hook/ament_prefix_path.ps1'
[0.652s] INFO:colcon.colcon_core.shell:Creating environment descriptor '/home/adithyakvh/Courses/ROS_Data_Logger/Fathom_Radiant/install/my_package/share/my_package/hook/ament_prefix_path.dsv'
[0.653s] INFO:colcon.colcon_core.shell:Creating environment hook '/home/adithyakvh/Courses/ROS_Data_Logger/Fathom_Radiant/install/my_package/share/my_package/hook/ament_prefix_path.sh'
[0.661s] INFO:colcon.colcon_core.shell:Skip shell extension 'powershell' for command environment: Not usable outside of PowerShell
[0.661s] DEBUG:colcon.colcon_core.shell:Skip shell extension 'dsv' for command environment
[0.670s] DEBUG:colcon.colcon_core.shell:Ignoring prefix path '/home/adithyakvh/ROS_Installations/catkin_ws/devel'
[0.684s] DEBUG:colcon.colcon_core.event_handler.log_command:Invoking command in '/home/adithyakvh/Courses/ROS_Data_Logger/Fathom_Radiant/build/custom_interface': CMAKE_PREFIX_PATH=/home/adithyakvh/Courses/ROS_Data_Logger/Fathom_Radiant/install/custom_interface:/home/adithyakvh/Courses/ROS_Data_Logger/Fathom_Radiant/install/my_package:/opt/ros/foxy:/home/adithyakvh/ROS_Installations/catkin_ws/devel:/opt/ros/noetic /usr/bin/cmake --build /home/adithyakvh/Courses/ROS_Data_Logger/Fathom_Radiant/build/custom_interface -- -j8 -l8
[1.102s] INFO:colcon.colcon_core.task.python.build:Building Python package in '/home/adithyakvh/Courses/ROS_Data_Logger/Fathom_Radiant/src/my_package'
[1.106s] INFO:colcon.colcon_core.shell:Skip shell extension 'powershell' for command environment: Not usable outside of PowerShell
[1.106s] DEBUG:colcon.colcon_core.shell:Skip shell extension 'dsv' for command environment
[1.114s] DEBUG:colcon.colcon_core.shell:Ignoring prefix path '/home/adithyakvh/ROS_Installations/catkin_ws/devel'
[1.123s] DEBUG:colcon.colcon_core.event_handler.log_command:Invoked command in '/home/adithyakvh/Courses/ROS_Data_Logger/Fathom_Radiant/build/custom_interface' returned '0': CMAKE_PREFIX_PATH=/home/adithyakvh/Courses/ROS_Data_Logger/Fathom_Radiant/install/custom_interface:/home/adithyakvh/Courses/ROS_Data_Logger/Fathom_Radiant/install/my_package:/opt/ros/foxy:/home/adithyakvh/ROS_Installations/catkin_ws/devel:/opt/ros/noetic /usr/bin/cmake --build /home/adithyakvh/Courses/ROS_Data_Logger/Fathom_Radiant/build/custom_interface -- -j8 -l8
[1.198s] DEBUG:colcon.colcon_core.event_handler.log_command:Invoking command in '/home/adithyakvh/Courses/ROS_Data_Logger/Fathom_Radiant/build/custom_interface': CMAKE_PREFIX_PATH=/home/adithyakvh/Courses/ROS_Data_Logger/Fathom_Radiant/install/custom_interface:/home/adithyakvh/Courses/ROS_Data_Logger/Fathom_Radiant/install/my_package:/opt/ros/foxy:/home/adithyakvh/ROS_Installations/catkin_ws/devel:/opt/ros/noetic /usr/bin/cmake --install /home/adithyakvh/Courses/ROS_Data_Logger/Fathom_Radiant/build/custom_interface
[1.262s] Level 1:colcon.colcon_core.environment:create_environment_scripts_only(custom_interface)
[1.265s] DEBUG:colcon.colcon_core.event_handler.log_command:Invoked command in '/home/adithyakvh/Courses/ROS_Data_Logger/Fathom_Radiant/build/custom_interface' returned '0': CMAKE_PREFIX_PATH=/home/adithyakvh/Courses/ROS_Data_Logger/Fathom_Radiant/install/custom_interface:/home/adithyakvh/Courses/ROS_Data_Logger/Fathom_Radiant/install/my_package:/opt/ros/foxy:/home/adithyakvh/ROS_Installations/catkin_ws/devel:/opt/ros/noetic /usr/bin/cmake --install /home/adithyakvh/Courses/ROS_Data_Logger/Fathom_Radiant/build/custom_interface
[1.277s] Level 1:colcon.colcon_core.environment:checking '/home/adithyakvh/Courses/ROS_Data_Logger/Fathom_Radiant/install/custom_interface' for CMake module files
[1.278s] Level 1:colcon.colcon_core.environment:checking '/home/adithyakvh/Courses/ROS_Data_Logger/Fathom_Radiant/install/custom_interface' for CMake config files
[1.279s] Level 1:colcon.colcon_core.shell:create_environment_hook('custom_interface', 'cmake_prefix_path')
[1.285s] INFO:colcon.colcon_core.shell:Creating environment hook '/home/adithyakvh/Courses/ROS_Data_Logger/Fathom_Radiant/install/custom_interface/share/custom_interface/hook/cmake_prefix_path.ps1'
[1.286s] INFO:colcon.colcon_core.shell:Creating environment descriptor '/home/adithyakvh/Courses/ROS_Data_Logger/Fathom_Radiant/install/custom_interface/share/custom_interface/hook/cmake_prefix_path.dsv'
[1.286s] INFO:colcon.colcon_core.shell:Creating environment hook '/home/adithyakvh/Courses/ROS_Data_Logger/Fathom_Radiant/install/custom_interface/share/custom_interface/hook/cmake_prefix_path.sh'
[1.287s] Level 1:colcon.colcon_core.environment:checking '/home/adithyakvh/Courses/ROS_Data_Logger/Fathom_Radiant/install/custom_interface/lib'
[1.287s] Level 1:colcon.colcon_core.shell:create_environment_hook('custom_interface', 'ld_library_path_lib')
[1.291s] INFO:colcon.colcon_core.shell:Creating environment hook '/home/adithyakvh/Courses/ROS_Data_Logger/Fathom_Radiant/install/custom_interface/share/custom_interface/hook/ld_library_path_lib.ps1'
[1.291s] INFO:colcon.colcon_core.shell:Creating environment descriptor '/home/adithyakvh/Courses/ROS_Data_Logger/Fathom_Radiant/install/custom_interface/share/custom_interface/hook/ld_library_path_lib.dsv'
[1.292s] INFO:colcon.colcon_core.shell:Creating environment hook '/home/adithyakvh/Courses/ROS_Data_Logger/Fathom_Radiant/install/custom_interface/share/custom_interface/hook/ld_library_path_lib.sh'
[1.292s] Level 1:colcon.colcon_core.environment:checking '/home/adithyakvh/Courses/ROS_Data_Logger/Fathom_Radiant/install/custom_interface/bin'
[1.292s] Level 1:colcon.colcon_core.environment:checking '/home/adithyakvh/Courses/ROS_Data_Logger/Fathom_Radiant/install/custom_interface/lib/pkgconfig/custom_interface.pc'
[1.292s] Level 1:colcon.colcon_core.environment:checking '/home/adithyakvh/Courses/ROS_Data_Logger/Fathom_Radiant/install/custom_interface/lib/python3.8/site-packages'
[1.292s] Level 1:colcon.colcon_core.shell:create_environment_hook('custom_interface', 'pythonpath')
[1.296s] INFO:colcon.colcon_core.shell:Creating environment hook '/home/adithyakvh/Courses/ROS_Data_Logger/Fathom_Radiant/install/custom_interface/share/custom_interface/hook/pythonpath.ps1'
[1.296s] INFO:colcon.colcon_core.shell:Creating environment descriptor '/home/adithyakvh/Courses/ROS_Data_Logger/Fathom_Radiant/install/custom_interface/share/custom_interface/hook/pythonpath.dsv'
[1.297s] INFO:colcon.colcon_core.shell:Creating environment hook '/home/adithyakvh/Courses/ROS_Data_Logger/Fathom_Radiant/install/custom_interface/share/custom_interface/hook/pythonpath.sh'
[1.297s] Level 1:colcon.colcon_core.environment:checking '/home/adithyakvh/Courses/ROS_Data_Logger/Fathom_Radiant/install/custom_interface/bin'
[1.301s] INFO:colcon.colcon_core.shell:Creating package script '/home/adithyakvh/Courses/ROS_Data_Logger/Fathom_Radiant/install/custom_interface/share/custom_interface/package.ps1'
[1.301s] INFO:colcon.colcon_core.shell:Creating package descriptor '/home/adithyakvh/Courses/ROS_Data_Logger/Fathom_Radiant/install/custom_interface/share/custom_interface/package.dsv'
[1.302s] INFO:colcon.colcon_core.shell:Creating package script '/home/adithyakvh/Courses/ROS_Data_Logger/Fathom_Radiant/install/custom_interface/share/custom_interface/package.sh'
[1.303s] INFO:colcon.colcon_core.shell:Creating package script '/home/adithyakvh/Courses/ROS_Data_Logger/Fathom_Radiant/install/custom_interface/share/custom_interface/package.bash'
[1.303s] INFO:colcon.colcon_core.shell:Creating package script '/home/adithyakvh/Courses/ROS_Data_Logger/Fathom_Radiant/install/custom_interface/share/custom_interface/package.zsh'
[1.304s] Level 1:colcon.colcon_core.environment:create_file_with_runtime_dependencies(/home/adithyakvh/Courses/ROS_Data_Logger/Fathom_Radiant/install/custom_interface/share/colcon-core/packages/custom_interface)
[1.370s] Level 1:colcon.colcon_core.environment:create_environment_scripts_only(custom_interface)
[1.374s] Level 1:colcon.colcon_core.environment:checking '/home/adithyakvh/Courses/ROS_Data_Logger/Fathom_Radiant/install/custom_interface' for CMake module files
[1.375s] Level 1:colcon.colcon_core.environment:checking '/home/adithyakvh/Courses/ROS_Data_Logger/Fathom_Radiant/install/custom_interface' for CMake config files
[1.376s] Level 1:colcon.colcon_core.shell:create_environment_hook('custom_interface', 'cmake_prefix_path')
[1.379s] INFO:colcon.colcon_core.shell:Creating environment hook '/home/adithyakvh/Courses/ROS_Data_Logger/Fathom_Radiant/install/custom_interface/share/custom_interface/hook/cmake_prefix_path.ps1'
[1.380s] INFO:colcon.colcon_core.shell:Creating environment descriptor '/home/adithyakvh/Courses/ROS_Data_Logger/Fathom_Radiant/install/custom_interface/share/custom_interface/hook/cmake_prefix_path.dsv'
[1.380s] INFO:colcon.colcon_core.shell:Creating environment hook '/home/adithyakvh/Courses/ROS_Data_Logger/Fathom_Radiant/install/custom_interface/share/custom_interface/hook/cmake_prefix_path.sh'
[1.381s] Level 1:colcon.colcon_core.environment:checking '/home/adithyakvh/Courses/ROS_Data_Logger/Fathom_Radiant/install/custom_interface/lib'
[1.381s] Level 1:colcon.colcon_core.shell:create_environment_hook('custom_interface', 'ld_library_path_lib')
[1.384s] INFO:colcon.colcon_core.shell:Creating environment hook '/home/adithyakvh/Courses/ROS_Data_Logger/Fathom_Radiant/install/custom_interface/share/custom_interface/hook/ld_library_path_lib.ps1'
[1.385s] INFO:colcon.colcon_core.shell:Creating environment descriptor '/home/adithyakvh/Courses/ROS_Data_Logger/Fathom_Radiant/install/custom_interface/share/custom_interface/hook/ld_library_path_lib.dsv'
[1.385s] INFO:colcon.colcon_core.shell:Creating environment hook '/home/adithyakvh/Courses/ROS_Data_Logger/Fathom_Radiant/install/custom_interface/share/custom_interface/hook/ld_library_path_lib.sh'
[1.385s] Level 1:colcon.colcon_core.environment:checking '/home/adithyakvh/Courses/ROS_Data_Logger/Fathom_Radiant/install/custom_interface/bin'
[1.386s] Level 1:colcon.colcon_core.environment:checking '/home/adithyakvh/Courses/ROS_Data_Logger/Fathom_Radiant/install/custom_interface/lib/pkgconfig/custom_interface.pc'
[1.386s] Level 1:colcon.colcon_core.environment:checking '/home/adithyakvh/Courses/ROS_Data_Logger/Fathom_Radiant/install/custom_interface/lib/python3.8/site-packages'
[1.386s] Level 1:colcon.colcon_core.shell:create_environment_hook('custom_interface', 'pythonpath')
[1.389s] INFO:colcon.colcon_core.shell:Creating environment hook '/home/adithyakvh/Courses/ROS_Data_Logger/Fathom_Radiant/install/custom_interface/share/custom_interface/hook/pythonpath.ps1'
[1.390s] INFO:colcon.colcon_core.shell:Creating environment descriptor '/home/adithyakvh/Courses/ROS_Data_Logger/Fathom_Radiant/install/custom_interface/share/custom_interface/hook/pythonpath.dsv'
[1.390s] INFO:colcon.colcon_core.shell:Creating environment hook '/home/adithyakvh/Courses/ROS_Data_Logger/Fathom_Radiant/install/custom_interface/share/custom_interface/hook/pythonpath.sh'
[1.391s] Level 1:colcon.colcon_core.environment:checking '/home/adithyakvh/Courses/ROS_Data_Logger/Fathom_Radiant/install/custom_interface/bin'
[1.395s] INFO:colcon.colcon_core.shell:Creating package script '/home/adithyakvh/Courses/ROS_Data_Logger/Fathom_Radiant/install/custom_interface/share/custom_interface/package.ps1'
[1.396s] INFO:colcon.colcon_core.shell:Creating package descriptor '/home/adithyakvh/Courses/ROS_Data_Logger/Fathom_Radiant/install/custom_interface/share/custom_interface/package.dsv'
[1.396s] INFO:colcon.colcon_core.shell:Creating package script '/home/adithyakvh/Courses/ROS_Data_Logger/Fathom_Radiant/install/custom_interface/share/custom_interface/package.sh'
[1.397s] INFO:colcon.colcon_core.shell:Creating package script '/home/adithyakvh/Courses/ROS_Data_Logger/Fathom_Radiant/install/custom_interface/share/custom_interface/package.bash'
[1.397s] INFO:colcon.colcon_core.shell:Creating package script '/home/adithyakvh/Courses/ROS_Data_Logger/Fathom_Radiant/install/custom_interface/share/custom_interface/package.zsh'
[1.398s] Level 1:colcon.colcon_core.environment:create_file_with_runtime_dependencies(/home/adithyakvh/Courses/ROS_Data_Logger/Fathom_Radiant/install/custom_interface/share/colcon-core/packages/custom_interface)
[1.686s] DEBUG:colcon.colcon_core.event_handler.log_command:Invoking command in '/home/adithyakvh/Courses/ROS_Data_Logger/Fathom_Radiant/src/my_package': PYTHONPATH=/home/adithyakvh/Courses/ROS_Data_Logger/Fathom_Radiant/build/my_package/prefix_override:/home/adithyakvh/Courses/ROS_Data_Logger/Fathom_Radiant/install/my_package/lib/python3.8/site-packages:${PYTHONPATH} /usr/bin/python3 setup.py egg_info --egg-base ../../build/my_package build --build-base /home/adithyakvh/Courses/ROS_Data_Logger/Fathom_Radiant/build/my_package/build install --record /home/adithyakvh/Courses/ROS_Data_Logger/Fathom_Radiant/build/my_package/install.log --install-scripts $base/lib/my_package --single-version-externally-managed
[2.071s] Level 1:colcon.colcon_core.environment:checking '/home/adithyakvh/Courses/ROS_Data_Logger/Fathom_Radiant/install/my_package' for CMake module files
[2.072s] DEBUG:colcon.colcon_core.event_handler.log_command:Invoked command in '/home/adithyakvh/Courses/ROS_Data_Logger/Fathom_Radiant/src/my_package' returned '0': PYTHONPATH=/home/adithyakvh/Courses/ROS_Data_Logger/Fathom_Radiant/build/my_package/prefix_override:/home/adithyakvh/Courses/ROS_Data_Logger/Fathom_Radiant/install/my_package/lib/python3.8/site-packages:${PYTHONPATH} /usr/bin/python3 setup.py egg_info --egg-base ../../build/my_package build --build-base /home/adithyakvh/Courses/ROS_Data_Logger/Fathom_Radiant/build/my_package/build install --record /home/adithyakvh/Courses/ROS_Data_Logger/Fathom_Radiant/build/my_package/install.log --install-scripts $base/lib/my_package --single-version-externally-managed
[2.072s] Level 1:colcon.colcon_core.environment:checking '/home/adithyakvh/Courses/ROS_Data_Logger/Fathom_Radiant/install/my_package' for CMake config files
[2.073s] Level 1:colcon.colcon_core.environment:checking '/home/adithyakvh/Courses/ROS_Data_Logger/Fathom_Radiant/install/my_package/lib'
[2.073s] Level 1:colcon.colcon_core.environment:checking '/home/adithyakvh/Courses/ROS_Data_Logger/Fathom_Radiant/install/my_package/bin'
[2.073s] Level 1:colcon.colcon_core.environment:checking '/home/adithyakvh/Courses/ROS_Data_Logger/Fathom_Radiant/install/my_package/lib/pkgconfig/my_package.pc'
[2.074s] Level 1:colcon.colcon_core.environment:checking '/home/adithyakvh/Courses/ROS_Data_Logger/Fathom_Radiant/install/my_package/lib/python3.8/site-packages'
[2.074s] Level 1:colcon.colcon_core.shell:create_environment_hook('my_package', 'pythonpath')
[2.078s] INFO:colcon.colcon_core.shell:Creating environment hook '/home/adithyakvh/Courses/ROS_Data_Logger/Fathom_Radiant/install/my_package/share/my_package/hook/pythonpath.ps1'
[2.078s] INFO:colcon.colcon_core.shell:Creating environment descriptor '/home/adithyakvh/Courses/ROS_Data_Logger/Fathom_Radiant/install/my_package/share/my_package/hook/pythonpath.dsv'
[2.079s] INFO:colcon.colcon_core.shell:Creating environment hook '/home/adithyakvh/Courses/ROS_Data_Logger/Fathom_Radiant/install/my_package/share/my_package/hook/pythonpath.sh'
[2.080s] Level 1:colcon.colcon_core.environment:checking '/home/adithyakvh/Courses/ROS_Data_Logger/Fathom_Radiant/install/my_package/bin'
[2.080s] Level 1:colcon.colcon_core.environment:create_environment_scripts_only(my_package)
[2.083s] INFO:colcon.colcon_core.shell:Creating package script '/home/adithyakvh/Courses/ROS_Data_Logger/Fathom_Radiant/install/my_package/share/my_package/package.ps1'
[2.083s] INFO:colcon.colcon_core.shell:Creating package descriptor '/home/adithyakvh/Courses/ROS_Data_Logger/Fathom_Radiant/install/my_package/share/my_package/package.dsv'
[2.084s] INFO:colcon.colcon_core.shell:Creating package script '/home/adithyakvh/Courses/ROS_Data_Logger/Fathom_Radiant/install/my_package/share/my_package/package.sh'
[2.084s] INFO:colcon.colcon_core.shell:Creating package script '/home/adithyakvh/Courses/ROS_Data_Logger/Fathom_Radiant/install/my_package/share/my_package/package.bash'
[2.085s] INFO:colcon.colcon_core.shell:Creating package script '/home/adithyakvh/Courses/ROS_Data_Logger/Fathom_Radiant/install/my_package/share/my_package/package.zsh'
[2.085s] Level 1:colcon.colcon_core.environment:create_file_with_runtime_dependencies(/home/adithyakvh/Courses/ROS_Data_Logger/Fathom_Radiant/install/my_package/share/colcon-core/packages/my_package)
[2.086s] DEBUG:colcon.colcon_parallel_executor.executor.parallel:closing loop
[2.086s] DEBUG:colcon.colcon_parallel_executor.executor.parallel:loop closed
[2.086s] DEBUG:colcon.colcon_parallel_executor.executor.parallel:run_until_complete finished with '0'
[2.086s] DEBUG:colcon.colcon_core.event_reactor:joining thread
[2.096s] INFO:colcon.colcon_core.plugin_system:Skipping extension 'colcon_notification.desktop_notification.terminal_notifier': Not used on non-Darwin systems
[2.096s] INFO:colcon.colcon_core.plugin_system:Skipping extension 'colcon_notification.desktop_notification.win32': Not used on non-Windows systems
[2.096s] INFO:colcon.colcon_notification.desktop_notification:Sending desktop notification using 'notify2'
[2.111s] DEBUG:colcon.colcon_core.event_reactor:joined thread
[2.114s] INFO:colcon.colcon_core.shell:Creating prefix script '/home/adithyakvh/Courses/ROS_Data_Logger/Fathom_Radiant/install/local_setup.ps1'
[2.115s] INFO:colcon.colcon_core.shell:Creating prefix util module '/home/adithyakvh/Courses/ROS_Data_Logger/Fathom_Radiant/install/_local_setup_util_ps1.py'
[2.117s] INFO:colcon.colcon_core.shell:Creating prefix chain script '/home/adithyakvh/Courses/ROS_Data_Logger/Fathom_Radiant/install/setup.ps1'
[2.119s] INFO:colcon.colcon_core.shell:Creating prefix script '/home/adithyakvh/Courses/ROS_Data_Logger/Fathom_Radiant/install/local_setup.sh'
[2.119s] INFO:colcon.colcon_core.shell:Creating prefix util module '/home/adithyakvh/Courses/ROS_Data_Logger/Fathom_Radiant/install/_local_setup_util_sh.py'
[2.120s] INFO:colcon.colcon_core.shell:Creating prefix chain script '/home/adithyakvh/Courses/ROS_Data_Logger/Fathom_Radiant/install/setup.sh'
[2.123s] INFO:colcon.colcon_core.shell:Creating prefix script '/home/adithyakvh/Courses/ROS_Data_Logger/Fathom_Radiant/install/local_setup.bash'
[2.124s] INFO:colcon.colcon_core.shell:Creating prefix chain script '/home/adithyakvh/Courses/ROS_Data_Logger/Fathom_Radiant/install/setup.bash'
[2.126s] INFO:colcon.colcon_core.shell:Creating prefix script '/home/adithyakvh/Courses/ROS_Data_Logger/Fathom_Radiant/install/local_setup.zsh'
[2.127s] INFO:colcon.colcon_core.shell:Creating prefix chain script '/home/adithyakvh/Courses/ROS_Data_Logger/Fathom_Radiant/install/setup.zsh'
