[0.470s] DEBUG:colcon:Command line arguments: ['/usr/bin/colcon', 'build']
[0.470s] DEBUG:colcon:Parsed command line arguments: Namespace(allow_overriding=[], ament_cmake_args=None, base_paths=['.'], build_base='build', catkin_cmake_args=None, catkin_skip_building_tests=False, cmake_args=None, cmake_clean_cache=False, cmake_clean_first=False, cmake_force_configure=False, cmake_target=None, cmake_target_skip_unavailable=False, continue_on_error=False, event_handlers=None, executor='parallel', ignore_user_meta=False, install_base='install', log_base=None, log_level=None, main=<bound method BuildVerb.main of <colcon_core.verb.build.BuildVerb object at 0x7f07f6adcc70>>, merge_install=False, metas=['./colcon.meta'], packages_above=None, packages_above_and_dependencies=None, packages_above_depth=None, packages_end=None, packages_ignore=None, packages_ignore_regex=None, packages_select=None, packages_select_build_failed=False, packages_select_by_dep=None, packages_select_regex=None, packages_select_test_failures=False, packages_skip=None, packages_skip_build_finished=False, packages_skip_by_dep=None, packages_skip_regex=None, packages_skip_test_passed=False, packages_skip_up_to=None, packages_start=None, packages_up_to=None, packages_up_to_regex=None, parallel_workers=8, paths=None, symlink_install=False, test_result_base=None, verb_extension=<colcon_core.verb.build.BuildVerb object at 0x7f07f6adcc70>, verb_name='build', verb_parser=<colcon_defaults.argument_parser.defaults.DefaultArgumentsDecorator object at 0x7f07f680e040>)
[0.499s] Level 1:colcon.colcon_core.package_discovery:discover_packages(colcon_meta) check parameters
[0.499s] Level 1:colcon.colcon_core.package_discovery:discover_packages(recursive) check parameters
[0.499s] Level 1:colcon.colcon_core.package_discovery:discover_packages(ignore) check parameters
[0.499s] Level 1:colcon.colcon_core.package_discovery:discover_packages(path) check parameters
[0.499s] Level 1:colcon.colcon_core.package_discovery:discover_packages(colcon_meta) discover
[0.499s] Level 1:colcon.colcon_core.package_discovery:discover_packages(recursive) discover
[0.499s] INFO:colcon.colcon_core.package_discovery:Crawling recursively for packages in '/home/adithyakvh/Courses/Fathom_Radiant'
[0.499s] Level 1:colcon.colcon_core.package_identification:_identify(.) by extensions ['ignore', 'ignore_ament_install']
[0.499s] Level 1:colcon.colcon_core.package_identification:_identify(.) by extension 'ignore'
[0.499s] Level 1:colcon.colcon_core.package_identification:_identify(.) by extension 'ignore_ament_install'
[0.499s] Level 1:colcon.colcon_core.package_identification:_identify(.) by extensions ['colcon_pkg']
[0.499s] Level 1:colcon.colcon_core.package_identification:_identify(.) by extension 'colcon_pkg'
[0.500s] Level 1:colcon.colcon_core.package_identification:_identify(.) by extensions ['colcon_meta']
[0.500s] Level 1:colcon.colcon_core.package_identification:_identify(.) by extension 'colcon_meta'
[0.500s] Level 1:colcon.colcon_core.package_identification:_identify(.) by extensions ['ros']
[0.500s] Level 1:colcon.colcon_core.package_identification:_identify(.) by extension 'ros'
[0.511s] Level 1:colcon.colcon_core.package_identification:_identify(.) by extensions ['cmake', 'python']
[0.511s] Level 1:colcon.colcon_core.package_identification:_identify(.) by extension 'cmake'
[0.511s] Level 1:colcon.colcon_core.package_identification:_identify(.) by extension 'python'
[0.511s] Level 1:colcon.colcon_core.package_identification:_identify(.) by extensions ['python_setup_py']
[0.511s] Level 1:colcon.colcon_core.package_identification:_identify(.) by extension 'python_setup_py'
[0.512s] Level 1:colcon.colcon_core.package_identification:_identify(build) by extensions ['ignore', 'ignore_ament_install']
[0.512s] Level 1:colcon.colcon_core.package_identification:_identify(build) by extension 'ignore'
[0.512s] Level 1:colcon.colcon_core.package_identification:_identify(build) ignored
[0.512s] Level 1:colcon.colcon_core.package_identification:_identify(install) by extensions ['ignore', 'ignore_ament_install']
[0.512s] Level 1:colcon.colcon_core.package_identification:_identify(install) by extension 'ignore'
[0.512s] Level 1:colcon.colcon_core.package_identification:_identify(install) ignored
[0.512s] Level 1:colcon.colcon_core.package_identification:_identify(log) by extensions ['ignore', 'ignore_ament_install']
[0.512s] Level 1:colcon.colcon_core.package_identification:_identify(log) by extension 'ignore'
[0.512s] Level 1:colcon.colcon_core.package_identification:_identify(log) ignored
[0.512s] Level 1:colcon.colcon_core.package_identification:_identify(src) by extensions ['ignore', 'ignore_ament_install']
[0.512s] Level 1:colcon.colcon_core.package_identification:_identify(src) by extension 'ignore'
[0.512s] Level 1:colcon.colcon_core.package_identification:_identify(src) by extension 'ignore_ament_install'
[0.512s] Level 1:colcon.colcon_core.package_identification:_identify(src) by extensions ['colcon_pkg']
[0.512s] Level 1:colcon.colcon_core.package_identification:_identify(src) by extension 'colcon_pkg'
[0.512s] Level 1:colcon.colcon_core.package_identification:_identify(src) by extensions ['colcon_meta']
[0.512s] Level 1:colcon.colcon_core.package_identification:_identify(src) by extension 'colcon_meta'
[0.513s] Level 1:colcon.colcon_core.package_identification:_identify(src) by extensions ['ros']
[0.513s] Level 1:colcon.colcon_core.package_identification:_identify(src) by extension 'ros'
[0.513s] Level 1:colcon.colcon_core.package_identification:_identify(src) by extensions ['cmake', 'python']
[0.513s] Level 1:colcon.colcon_core.package_identification:_identify(src) by extension 'cmake'
[0.513s] Level 1:colcon.colcon_core.package_identification:_identify(src) by extension 'python'
[0.513s] Level 1:colcon.colcon_core.package_identification:_identify(src) by extensions ['python_setup_py']
[0.513s] Level 1:colcon.colcon_core.package_identification:_identify(src) by extension 'python_setup_py'
[0.513s] Level 1:colcon.colcon_core.package_identification:_identify(src/custom_interface) by extensions ['ignore', 'ignore_ament_install']
[0.513s] Level 1:colcon.colcon_core.package_identification:_identify(src/custom_interface) by extension 'ignore'
[0.513s] Level 1:colcon.colcon_core.package_identification:_identify(src/custom_interface) by extension 'ignore_ament_install'
[0.513s] Level 1:colcon.colcon_core.package_identification:_identify(src/custom_interface) by extensions ['colcon_pkg']
[0.513s] Level 1:colcon.colcon_core.package_identification:_identify(src/custom_interface) by extension 'colcon_pkg'
[0.513s] Level 1:colcon.colcon_core.package_identification:_identify(src/custom_interface) by extensions ['colcon_meta']
[0.513s] Level 1:colcon.colcon_core.package_identification:_identify(src/custom_interface) by extension 'colcon_meta'
[0.513s] Level 1:colcon.colcon_core.package_identification:_identify(src/custom_interface) by extensions ['ros']
[0.513s] Level 1:colcon.colcon_core.package_identification:_identify(src/custom_interface) by extension 'ros'
[0.516s] DEBUG:colcon.colcon_core.package_identification:Package 'src/custom_interface' with type 'ros.ament_cmake' and name 'custom_interface'
[0.517s] Level 1:colcon.colcon_core.package_identification:_identify(src/my_package) by extensions ['ignore', 'ignore_ament_install']
[0.517s] Level 1:colcon.colcon_core.package_identification:_identify(src/my_package) by extension 'ignore'
[0.517s] Level 1:colcon.colcon_core.package_identification:_identify(src/my_package) by extension 'ignore_ament_install'
[0.517s] Level 1:colcon.colcon_core.package_identification:_identify(src/my_package) by extensions ['colcon_pkg']
[0.517s] Level 1:colcon.colcon_core.package_identification:_identify(src/my_package) by extension 'colcon_pkg'
[0.517s] Level 1:colcon.colcon_core.package_identification:_identify(src/my_package) by extensions ['colcon_meta']
[0.517s] Level 1:colcon.colcon_core.package_identification:_identify(src/my_package) by extension 'colcon_meta'
[0.517s] Level 1:colcon.colcon_core.package_identification:_identify(src/my_package) by extensions ['ros']
[0.517s] Level 1:colcon.colcon_core.package_identification:_identify(src/my_package) by extension 'ros'
[0.518s] DEBUG:colcon.colcon_core.package_identification:Package 'src/my_package' with type 'ros.ament_python' and name 'my_package'
[0.518s] Level 1:colcon.colcon_core.package_discovery:discover_packages(recursive) using defaults
[0.518s] Level 1:colcon.colcon_core.package_discovery:discover_packages(ignore) discover
[0.518s] Level 1:colcon.colcon_core.package_discovery:discover_packages(ignore) using defaults
[0.518s] Level 1:colcon.colcon_core.package_discovery:discover_packages(path) discover
[0.518s] Level 1:colcon.colcon_core.package_discovery:discover_packages(path) using defaults
[0.551s] Level 1:colcon.colcon_core.package_discovery:discover_packages(prefix_path) check parameters
[0.551s] Level 1:colcon.colcon_core.package_discovery:discover_packages(prefix_path) discover
[0.553s] WARNING:colcon.colcon_ros.prefix_path.ament:The path '/home/adithyakvh/Courses/Fathom_Radiant/install/my_package' in the environment variable AMENT_PREFIX_PATH doesn't exist
[0.553s] WARNING:colcon.colcon_ros.prefix_path.ament:The path '/home/adithyakvh/Courses/Fathom_Radiant/install/custom_interface' in the environment variable AMENT_PREFIX_PATH doesn't exist
[0.553s] WARNING:colcon.colcon_ros.prefix_path.catkin:The path '/home/adithyakvh/Courses/Fathom_Radiant/install/my_package' in the environment variable CMAKE_PREFIX_PATH doesn't exist
[0.554s] WARNING:colcon.colcon_ros.prefix_path.catkin:The path '/home/adithyakvh/Courses/Fathom_Radiant/install/custom_interface' in the environment variable CMAKE_PREFIX_PATH doesn't exist
[0.556s] DEBUG:colcon.colcon_installed_package_information.package_discovery:Found 0 installed packages in /home/adithyakvh/Courses/Fathom_Radiant/install
[0.558s] DEBUG:colcon.colcon_installed_package_information.package_discovery:Found 266 installed packages in /opt/ros/foxy
[0.562s] DEBUG:colcon.colcon_installed_package_information.package_discovery:Found 1 installed packages in /opt/ros/noetic
[0.562s] Level 1:colcon.colcon_core.package_discovery:discover_packages(prefix_path) using defaults
[0.659s] Level 5:colcon.colcon_core.verb:set package 'custom_interface' build argument 'cmake_args' from command line to 'None'
[0.660s] Level 5:colcon.colcon_core.verb:set package 'custom_interface' build argument 'cmake_target' from command line to 'None'
[0.660s] Level 5:colcon.colcon_core.verb:set package 'custom_interface' build argument 'cmake_target_skip_unavailable' from command line to 'False'
[0.660s] Level 5:colcon.colcon_core.verb:set package 'custom_interface' build argument 'cmake_clean_cache' from command line to 'False'
[0.660s] Level 5:colcon.colcon_core.verb:set package 'custom_interface' build argument 'cmake_clean_first' from command line to 'False'
[0.660s] Level 5:colcon.colcon_core.verb:set package 'custom_interface' build argument 'cmake_force_configure' from command line to 'False'
[0.660s] Level 5:colcon.colcon_core.verb:set package 'custom_interface' build argument 'ament_cmake_args' from command line to 'None'
[0.660s] Level 5:colcon.colcon_core.verb:set package 'custom_interface' build argument 'catkin_cmake_args' from command line to 'None'
[0.660s] Level 5:colcon.colcon_core.verb:set package 'custom_interface' build argument 'catkin_skip_building_tests' from command line to 'False'
[0.660s] DEBUG:colcon.colcon_core.verb:Building package 'custom_interface' with the following arguments: {'ament_cmake_args': None, 'build_base': '/home/adithyakvh/Courses/Fathom_Radiant/build/custom_interface', 'catkin_cmake_args': None, 'catkin_skip_building_tests': False, 'cmake_args': None, 'cmake_clean_cache': False, 'cmake_clean_first': False, 'cmake_force_configure': False, 'cmake_target': None, 'cmake_target_skip_unavailable': False, 'install_base': '/home/adithyakvh/Courses/Fathom_Radiant/install/custom_interface', 'merge_install': False, 'path': '/home/adithyakvh/Courses/Fathom_Radiant/src/custom_interface', 'symlink_install': False, 'test_result_base': None}
[0.661s] Level 5:colcon.colcon_core.verb:set package 'my_package' build argument 'cmake_args' from command line to 'None'
[0.661s] Level 5:colcon.colcon_core.verb:set package 'my_package' build argument 'cmake_target' from command line to 'None'
[0.661s] Level 5:colcon.colcon_core.verb:set package 'my_package' build argument 'cmake_target_skip_unavailable' from command line to 'False'
[0.662s] Level 5:colcon.colcon_core.verb:set package 'my_package' build argument 'cmake_clean_cache' from command line to 'False'
[0.662s] Level 5:colcon.colcon_core.verb:set package 'my_package' build argument 'cmake_clean_first' from command line to 'False'
[0.662s] Level 5:colcon.colcon_core.verb:set package 'my_package' build argument 'cmake_force_configure' from command line to 'False'
[0.662s] Level 5:colcon.colcon_core.verb:set package 'my_package' build argument 'ament_cmake_args' from command line to 'None'
[0.662s] Level 5:colcon.colcon_core.verb:set package 'my_package' build argument 'catkin_cmake_args' from command line to 'None'
[0.662s] Level 5:colcon.colcon_core.verb:set package 'my_package' build argument 'catkin_skip_building_tests' from command line to 'False'
[0.662s] DEBUG:colcon.colcon_core.verb:Building package 'my_package' with the following arguments: {'ament_cmake_args': None, 'build_base': '/home/adithyakvh/Courses/Fathom_Radiant/build/my_package', 'catkin_cmake_args': None, 'catkin_skip_building_tests': False, 'cmake_args': None, 'cmake_clean_cache': False, 'cmake_clean_first': False, 'cmake_force_configure': False, 'cmake_target': None, 'cmake_target_skip_unavailable': False, 'install_base': '/home/adithyakvh/Courses/Fathom_Radiant/install/my_package', 'merge_install': False, 'path': '/home/adithyakvh/Courses/Fathom_Radiant/src/my_package', 'symlink_install': False, 'test_result_base': None}
[0.663s] INFO:colcon.colcon_core.executor:Executing jobs using 'parallel' executor
[0.672s] DEBUG:colcon.colcon_parallel_executor.executor.parallel:run_until_complete
[0.672s] INFO:colcon.colcon_ros.task.ament_cmake.build:Building ROS package in '/home/adithyakvh/Courses/Fathom_Radiant/src/custom_interface' with build type 'ament_cmake'
[0.672s] INFO:colcon.colcon_cmake.task.cmake.build:Building CMake package in '/home/adithyakvh/Courses/Fathom_Radiant/src/custom_interface'
[0.679s] INFO:colcon.colcon_core.plugin_system:Skipping extension 'colcon_core.shell.bat': Not used on non-Windows systems
[0.679s] INFO:colcon.colcon_core.shell:Skip shell extension 'powershell' for command environment: Not usable outside of PowerShell
[0.679s] DEBUG:colcon.colcon_core.shell:Skip shell extension 'dsv' for command environment
[0.689s] DEBUG:colcon.colcon_core.shell:Ignoring prefix path '/home/adithyakvh/ROS_Installations/catkin_ws/devel'
[0.694s] INFO:colcon.colcon_ros.task.ament_python.build:Building ROS package in '/home/adithyakvh/Courses/Fathom_Radiant/src/my_package' with build type 'ament_python'
[0.694s] Level 1:colcon.colcon_core.shell:create_environment_hook('my_package', 'ament_prefix_path')
[0.699s] INFO:colcon.colcon_core.shell:Creating environment hook '/home/adithyakvh/Courses/Fathom_Radiant/install/my_package/share/my_package/hook/ament_prefix_path.ps1'
[0.700s] INFO:colcon.colcon_core.shell:Creating environment descriptor '/home/adithyakvh/Courses/Fathom_Radiant/install/my_package/share/my_package/hook/ament_prefix_path.dsv'
[0.701s] INFO:colcon.colcon_core.shell:Creating environment hook '/home/adithyakvh/Courses/Fathom_Radiant/install/my_package/share/my_package/hook/ament_prefix_path.sh'
[0.706s] INFO:colcon.colcon_core.shell:Skip shell extension 'powershell' for command environment: Not usable outside of PowerShell
[0.706s] DEBUG:colcon.colcon_core.shell:Skip shell extension 'dsv' for command environment
[0.713s] DEBUG:colcon.colcon_core.shell:Ignoring prefix path '/home/adithyakvh/ROS_Installations/catkin_ws/devel'
[0.727s] DEBUG:colcon.colcon_core.event_handler.log_command:Invoking command in '/home/adithyakvh/Courses/Fathom_Radiant/build/custom_interface': CMAKE_PREFIX_PATH=/home/adithyakvh/Courses/Fathom_Radiant/install/my_package:/home/adithyakvh/Courses/Fathom_Radiant/install/custom_interface:/opt/ros/foxy:/home/adithyakvh/ROS_Installations/catkin_ws/devel:/opt/ros/noetic /usr/bin/cmake /home/adithyakvh/Courses/Fathom_Radiant/src/custom_interface -DCMAKE_INSTALL_PREFIX=/home/adithyakvh/Courses/Fathom_Radiant/install/custom_interface
[1.145s] INFO:colcon.colcon_core.task.python.build:Building Python package in '/home/adithyakvh/Courses/Fathom_Radiant/src/my_package'
[1.153s] INFO:colcon.colcon_core.shell:Skip shell extension 'powershell' for command environment: Not usable outside of PowerShell
[1.153s] DEBUG:colcon.colcon_core.shell:Skip shell extension 'dsv' for command environment
[1.161s] DEBUG:colcon.colcon_core.shell:Ignoring prefix path '/home/adithyakvh/ROS_Installations/catkin_ws/devel'
[1.721s] DEBUG:colcon.colcon_core.event_handler.log_command:Invoking command in '/home/adithyakvh/Courses/Fathom_Radiant/src/my_package': PYTHONPATH=/home/adithyakvh/Courses/Fathom_Radiant/build/my_package/prefix_override:/home/adithyakvh/Courses/Fathom_Radiant/install/my_package/lib/python3.8/site-packages:${PYTHONPATH} /usr/bin/python3 setup.py egg_info --egg-base ../../build/my_package build --build-base /home/adithyakvh/Courses/Fathom_Radiant/build/my_package/build install --record /home/adithyakvh/Courses/Fathom_Radiant/build/my_package/install.log --install-scripts $base/lib/my_package --single-version-externally-managed
[2.141s] DEBUG:colcon.colcon_core.event_handler.log_command:Invoked command in '/home/adithyakvh/Courses/Fathom_Radiant/src/my_package' returned '0': PYTHONPATH=/home/adithyakvh/Courses/Fathom_Radiant/build/my_package/prefix_override:/home/adithyakvh/Courses/Fathom_Radiant/install/my_package/lib/python3.8/site-packages:${PYTHONPATH} /usr/bin/python3 setup.py egg_info --egg-base ../../build/my_package build --build-base /home/adithyakvh/Courses/Fathom_Radiant/build/my_package/build install --record /home/adithyakvh/Courses/Fathom_Radiant/build/my_package/install.log --install-scripts $base/lib/my_package --single-version-externally-managed
[2.149s] Level 1:colcon.colcon_core.environment:checking '/home/adithyakvh/Courses/Fathom_Radiant/install/my_package' for CMake module files
[2.149s] Level 1:colcon.colcon_core.environment:checking '/home/adithyakvh/Courses/Fathom_Radiant/install/my_package' for CMake config files
[2.150s] Level 1:colcon.colcon_core.environment:checking '/home/adithyakvh/Courses/Fathom_Radiant/install/my_package/lib'
[2.151s] Level 1:colcon.colcon_core.environment:checking '/home/adithyakvh/Courses/Fathom_Radiant/install/my_package/bin'
[2.151s] Level 1:colcon.colcon_core.environment:checking '/home/adithyakvh/Courses/Fathom_Radiant/install/my_package/lib/pkgconfig/my_package.pc'
[2.151s] Level 1:colcon.colcon_core.environment:checking '/home/adithyakvh/Courses/Fathom_Radiant/install/my_package/lib/python3.8/site-packages'
[2.151s] Level 1:colcon.colcon_core.shell:create_environment_hook('my_package', 'pythonpath')
[2.156s] INFO:colcon.colcon_core.shell:Creating environment hook '/home/adithyakvh/Courses/Fathom_Radiant/install/my_package/share/my_package/hook/pythonpath.ps1'
[2.156s] INFO:colcon.colcon_core.shell:Creating environment descriptor '/home/adithyakvh/Courses/Fathom_Radiant/install/my_package/share/my_package/hook/pythonpath.dsv'
[2.157s] INFO:colcon.colcon_core.shell:Creating environment hook '/home/adithyakvh/Courses/Fathom_Radiant/install/my_package/share/my_package/hook/pythonpath.sh'
[2.157s] Level 1:colcon.colcon_core.environment:checking '/home/adithyakvh/Courses/Fathom_Radiant/install/my_package/bin'
[2.157s] Level 1:colcon.colcon_core.environment:create_environment_scripts_only(my_package)
[2.160s] INFO:colcon.colcon_core.shell:Creating package script '/home/adithyakvh/Courses/Fathom_Radiant/install/my_package/share/my_package/package.ps1'
[2.161s] INFO:colcon.colcon_core.shell:Creating package descriptor '/home/adithyakvh/Courses/Fathom_Radiant/install/my_package/share/my_package/package.dsv'
[2.162s] INFO:colcon.colcon_core.shell:Creating package script '/home/adithyakvh/Courses/Fathom_Radiant/install/my_package/share/my_package/package.sh'
[2.163s] INFO:colcon.colcon_core.shell:Creating package script '/home/adithyakvh/Courses/Fathom_Radiant/install/my_package/share/my_package/package.bash'
[2.163s] INFO:colcon.colcon_core.shell:Creating package script '/home/adithyakvh/Courses/Fathom_Radiant/install/my_package/share/my_package/package.zsh'
[2.164s] Level 1:colcon.colcon_core.environment:create_file_with_runtime_dependencies(/home/adithyakvh/Courses/Fathom_Radiant/install/my_package/share/colcon-core/packages/my_package)
[3.349s] DEBUG:colcon.colcon_core.event_handler.log_command:Invoked command in '/home/adithyakvh/Courses/Fathom_Radiant/build/custom_interface' returned '0': CMAKE_PREFIX_PATH=/home/adithyakvh/Courses/Fathom_Radiant/install/my_package:/home/adithyakvh/Courses/Fathom_Radiant/install/custom_interface:/opt/ros/foxy:/home/adithyakvh/ROS_Installations/catkin_ws/devel:/opt/ros/noetic /usr/bin/cmake /home/adithyakvh/Courses/Fathom_Radiant/src/custom_interface -DCMAKE_INSTALL_PREFIX=/home/adithyakvh/Courses/Fathom_Radiant/install/custom_interface
[3.353s] DEBUG:colcon.colcon_core.event_handler.log_command:Invoking command in '/home/adithyakvh/Courses/Fathom_Radiant/build/custom_interface': CMAKE_PREFIX_PATH=/home/adithyakvh/Courses/Fathom_Radiant/install/my_package:/home/adithyakvh/Courses/Fathom_Radiant/install/custom_interface:/opt/ros/foxy:/home/adithyakvh/ROS_Installations/catkin_ws/devel:/opt/ros/noetic /usr/bin/cmake --build /home/adithyakvh/Courses/Fathom_Radiant/build/custom_interface -- -j8 -l8
[7.031s] DEBUG:colcon.colcon_core.event_handler.log_command:Invoked command in '/home/adithyakvh/Courses/Fathom_Radiant/build/custom_interface' returned '0': CMAKE_PREFIX_PATH=/home/adithyakvh/Courses/Fathom_Radiant/install/my_package:/home/adithyakvh/Courses/Fathom_Radiant/install/custom_interface:/opt/ros/foxy:/home/adithyakvh/ROS_Installations/catkin_ws/devel:/opt/ros/noetic /usr/bin/cmake --build /home/adithyakvh/Courses/Fathom_Radiant/build/custom_interface -- -j8 -l8
[7.107s] DEBUG:colcon.colcon_core.event_handler.log_command:Invoking command in '/home/adithyakvh/Courses/Fathom_Radiant/build/custom_interface': CMAKE_PREFIX_PATH=/home/adithyakvh/Courses/Fathom_Radiant/install/my_package:/home/adithyakvh/Courses/Fathom_Radiant/install/custom_interface:/opt/ros/foxy:/home/adithyakvh/ROS_Installations/catkin_ws/devel:/opt/ros/noetic /usr/bin/cmake --install /home/adithyakvh/Courses/Fathom_Radiant/build/custom_interface
[7.179s] Level 1:colcon.colcon_core.environment:create_environment_scripts_only(custom_interface)
[7.185s] DEBUG:colcon.colcon_core.event_handler.log_command:Invoked command in '/home/adithyakvh/Courses/Fathom_Radiant/build/custom_interface' returned '0': CMAKE_PREFIX_PATH=/home/adithyakvh/Courses/Fathom_Radiant/install/my_package:/home/adithyakvh/Courses/Fathom_Radiant/install/custom_interface:/opt/ros/foxy:/home/adithyakvh/ROS_Installations/catkin_ws/devel:/opt/ros/noetic /usr/bin/cmake --install /home/adithyakvh/Courses/Fathom_Radiant/build/custom_interface
[7.186s] Level 1:colcon.colcon_core.environment:checking '/home/adithyakvh/Courses/Fathom_Radiant/install/custom_interface' for CMake module files
[7.186s] Level 1:colcon.colcon_core.environment:checking '/home/adithyakvh/Courses/Fathom_Radiant/install/custom_interface' for CMake config files
[7.187s] Level 1:colcon.colcon_core.shell:create_environment_hook('custom_interface', 'cmake_prefix_path')
[7.190s] INFO:colcon.colcon_core.shell:Creating environment hook '/home/adithyakvh/Courses/Fathom_Radiant/install/custom_interface/share/custom_interface/hook/cmake_prefix_path.ps1'
[7.191s] INFO:colcon.colcon_core.shell:Creating environment descriptor '/home/adithyakvh/Courses/Fathom_Radiant/install/custom_interface/share/custom_interface/hook/cmake_prefix_path.dsv'
[7.191s] INFO:colcon.colcon_core.shell:Creating environment hook '/home/adithyakvh/Courses/Fathom_Radiant/install/custom_interface/share/custom_interface/hook/cmake_prefix_path.sh'
[7.192s] Level 1:colcon.colcon_core.environment:checking '/home/adithyakvh/Courses/Fathom_Radiant/install/custom_interface/lib'
[7.192s] Level 1:colcon.colcon_core.shell:create_environment_hook('custom_interface', 'ld_library_path_lib')
[7.195s] INFO:colcon.colcon_core.shell:Creating environment hook '/home/adithyakvh/Courses/Fathom_Radiant/install/custom_interface/share/custom_interface/hook/ld_library_path_lib.ps1'
[7.196s] INFO:colcon.colcon_core.shell:Creating environment descriptor '/home/adithyakvh/Courses/Fathom_Radiant/install/custom_interface/share/custom_interface/hook/ld_library_path_lib.dsv'
[7.196s] INFO:colcon.colcon_core.shell:Creating environment hook '/home/adithyakvh/Courses/Fathom_Radiant/install/custom_interface/share/custom_interface/hook/ld_library_path_lib.sh'
[7.196s] Level 1:colcon.colcon_core.environment:checking '/home/adithyakvh/Courses/Fathom_Radiant/install/custom_interface/bin'
[7.196s] Level 1:colcon.colcon_core.environment:checking '/home/adithyakvh/Courses/Fathom_Radiant/install/custom_interface/lib/pkgconfig/custom_interface.pc'
[7.196s] Level 1:colcon.colcon_core.environment:checking '/home/adithyakvh/Courses/Fathom_Radiant/install/custom_interface/lib/python3.8/site-packages'
[7.196s] Level 1:colcon.colcon_core.shell:create_environment_hook('custom_interface', 'pythonpath')
[7.202s] INFO:colcon.colcon_core.shell:Creating environment hook '/home/adithyakvh/Courses/Fathom_Radiant/install/custom_interface/share/custom_interface/hook/pythonpath.ps1'
[7.203s] INFO:colcon.colcon_core.shell:Creating environment descriptor '/home/adithyakvh/Courses/Fathom_Radiant/install/custom_interface/share/custom_interface/hook/pythonpath.dsv'
[7.203s] INFO:colcon.colcon_core.shell:Creating environment hook '/home/adithyakvh/Courses/Fathom_Radiant/install/custom_interface/share/custom_interface/hook/pythonpath.sh'
[7.203s] Level 1:colcon.colcon_core.environment:checking '/home/adithyakvh/Courses/Fathom_Radiant/install/custom_interface/bin'
[7.207s] INFO:colcon.colcon_core.shell:Creating package script '/home/adithyakvh/Courses/Fathom_Radiant/install/custom_interface/share/custom_interface/package.ps1'
[7.207s] INFO:colcon.colcon_core.shell:Creating package descriptor '/home/adithyakvh/Courses/Fathom_Radiant/install/custom_interface/share/custom_interface/package.dsv'
[7.207s] INFO:colcon.colcon_core.shell:Creating package script '/home/adithyakvh/Courses/Fathom_Radiant/install/custom_interface/share/custom_interface/package.sh'
[7.208s] INFO:colcon.colcon_core.shell:Creating package script '/home/adithyakvh/Courses/Fathom_Radiant/install/custom_interface/share/custom_interface/package.bash'
[7.208s] INFO:colcon.colcon_core.shell:Creating package script '/home/adithyakvh/Courses/Fathom_Radiant/install/custom_interface/share/custom_interface/package.zsh'
[7.208s] Level 1:colcon.colcon_core.environment:create_file_with_runtime_dependencies(/home/adithyakvh/Courses/Fathom_Radiant/install/custom_interface/share/colcon-core/packages/custom_interface)
[7.278s] Level 1:colcon.colcon_core.environment:create_environment_scripts_only(custom_interface)
[7.283s] Level 1:colcon.colcon_core.environment:checking '/home/adithyakvh/Courses/Fathom_Radiant/install/custom_interface' for CMake module files
[7.284s] Level 1:colcon.colcon_core.environment:checking '/home/adithyakvh/Courses/Fathom_Radiant/install/custom_interface' for CMake config files
[7.284s] Level 1:colcon.colcon_core.shell:create_environment_hook('custom_interface', 'cmake_prefix_path')
[7.288s] INFO:colcon.colcon_core.shell:Creating environment hook '/home/adithyakvh/Courses/Fathom_Radiant/install/custom_interface/share/custom_interface/hook/cmake_prefix_path.ps1'
[7.288s] INFO:colcon.colcon_core.shell:Creating environment descriptor '/home/adithyakvh/Courses/Fathom_Radiant/install/custom_interface/share/custom_interface/hook/cmake_prefix_path.dsv'
[7.289s] INFO:colcon.colcon_core.shell:Creating environment hook '/home/adithyakvh/Courses/Fathom_Radiant/install/custom_interface/share/custom_interface/hook/cmake_prefix_path.sh'
[7.289s] Level 1:colcon.colcon_core.environment:checking '/home/adithyakvh/Courses/Fathom_Radiant/install/custom_interface/lib'
[7.289s] Level 1:colcon.colcon_core.shell:create_environment_hook('custom_interface', 'ld_library_path_lib')
[7.295s] INFO:colcon.colcon_core.shell:Creating environment hook '/home/adithyakvh/Courses/Fathom_Radiant/install/custom_interface/share/custom_interface/hook/ld_library_path_lib.ps1'
[7.295s] INFO:colcon.colcon_core.shell:Creating environment descriptor '/home/adithyakvh/Courses/Fathom_Radiant/install/custom_interface/share/custom_interface/hook/ld_library_path_lib.dsv'
[7.296s] INFO:colcon.colcon_core.shell:Creating environment hook '/home/adithyakvh/Courses/Fathom_Radiant/install/custom_interface/share/custom_interface/hook/ld_library_path_lib.sh'
[7.296s] Level 1:colcon.colcon_core.environment:checking '/home/adithyakvh/Courses/Fathom_Radiant/install/custom_interface/bin'
[7.296s] Level 1:colcon.colcon_core.environment:checking '/home/adithyakvh/Courses/Fathom_Radiant/install/custom_interface/lib/pkgconfig/custom_interface.pc'
[7.296s] Level 1:colcon.colcon_core.environment:checking '/home/adithyakvh/Courses/Fathom_Radiant/install/custom_interface/lib/python3.8/site-packages'
[7.297s] Level 1:colcon.colcon_core.shell:create_environment_hook('custom_interface', 'pythonpath')
[7.301s] INFO:colcon.colcon_core.shell:Creating environment hook '/home/adithyakvh/Courses/Fathom_Radiant/install/custom_interface/share/custom_interface/hook/pythonpath.ps1'
[7.301s] INFO:colcon.colcon_core.shell:Creating environment descriptor '/home/adithyakvh/Courses/Fathom_Radiant/install/custom_interface/share/custom_interface/hook/pythonpath.dsv'
[7.302s] INFO:colcon.colcon_core.shell:Creating environment hook '/home/adithyakvh/Courses/Fathom_Radiant/install/custom_interface/share/custom_interface/hook/pythonpath.sh'
[7.302s] Level 1:colcon.colcon_core.environment:checking '/home/adithyakvh/Courses/Fathom_Radiant/install/custom_interface/bin'
[7.309s] INFO:colcon.colcon_core.shell:Creating package script '/home/adithyakvh/Courses/Fathom_Radiant/install/custom_interface/share/custom_interface/package.ps1'
[7.309s] INFO:colcon.colcon_core.shell:Creating package descriptor '/home/adithyakvh/Courses/Fathom_Radiant/install/custom_interface/share/custom_interface/package.dsv'
[7.310s] INFO:colcon.colcon_core.shell:Creating package script '/home/adithyakvh/Courses/Fathom_Radiant/install/custom_interface/share/custom_interface/package.sh'
[7.310s] INFO:colcon.colcon_core.shell:Creating package script '/home/adithyakvh/Courses/Fathom_Radiant/install/custom_interface/share/custom_interface/package.bash'
[7.311s] INFO:colcon.colcon_core.shell:Creating package script '/home/adithyakvh/Courses/Fathom_Radiant/install/custom_interface/share/custom_interface/package.zsh'
[7.311s] Level 1:colcon.colcon_core.environment:create_file_with_runtime_dependencies(/home/adithyakvh/Courses/Fathom_Radiant/install/custom_interface/share/colcon-core/packages/custom_interface)
[7.312s] DEBUG:colcon.colcon_parallel_executor.executor.parallel:closing loop
[7.312s] DEBUG:colcon.colcon_parallel_executor.executor.parallel:loop closed
[7.312s] DEBUG:colcon.colcon_parallel_executor.executor.parallel:run_until_complete finished with '0'
[7.312s] DEBUG:colcon.colcon_core.event_reactor:joining thread
[7.320s] INFO:colcon.colcon_core.plugin_system:Skipping extension 'colcon_notification.desktop_notification.terminal_notifier': Not used on non-Darwin systems
[7.320s] INFO:colcon.colcon_core.plugin_system:Skipping extension 'colcon_notification.desktop_notification.win32': Not used on non-Windows systems
[7.320s] INFO:colcon.colcon_notification.desktop_notification:Sending desktop notification using 'notify2'
[7.348s] DEBUG:colcon.colcon_core.event_reactor:joined thread
[7.352s] INFO:colcon.colcon_core.shell:Creating prefix script '/home/adithyakvh/Courses/Fathom_Radiant/install/local_setup.ps1'
[7.353s] INFO:colcon.colcon_core.shell:Creating prefix util module '/home/adithyakvh/Courses/Fathom_Radiant/install/_local_setup_util_ps1.py'
[7.354s] INFO:colcon.colcon_core.shell:Creating prefix chain script '/home/adithyakvh/Courses/Fathom_Radiant/install/setup.ps1'
[7.357s] INFO:colcon.colcon_core.shell:Creating prefix script '/home/adithyakvh/Courses/Fathom_Radiant/install/local_setup.sh'
[7.358s] INFO:colcon.colcon_core.shell:Creating prefix util module '/home/adithyakvh/Courses/Fathom_Radiant/install/_local_setup_util_sh.py'
[7.358s] INFO:colcon.colcon_core.shell:Creating prefix chain script '/home/adithyakvh/Courses/Fathom_Radiant/install/setup.sh'
[7.360s] INFO:colcon.colcon_core.shell:Creating prefix script '/home/adithyakvh/Courses/Fathom_Radiant/install/local_setup.bash'
[7.361s] INFO:colcon.colcon_core.shell:Creating prefix chain script '/home/adithyakvh/Courses/Fathom_Radiant/install/setup.bash'
[7.363s] INFO:colcon.colcon_core.shell:Creating prefix script '/home/adithyakvh/Courses/Fathom_Radiant/install/local_setup.zsh'
[7.364s] INFO:colcon.colcon_core.shell:Creating prefix chain script '/home/adithyakvh/Courses/Fathom_Radiant/install/setup.zsh'
