[0.068s] Invoking command in '/home/adithyakvh/Courses/Fathom_Radiant/build/custom_interface': CMAKE_PREFIX_PATH=/home/adithyakvh/Courses/Fathom_Radiant/install/custom_interface:/home/adithyakvh/Courses/Fathom_Radiant/install/my_package:/opt/ros/foxy:/home/adithyakvh/ROS_Installations/catkin_ws/devel:/opt/ros/noetic /usr/bin/cmake --build /home/adithyakvh/Courses/Fathom_Radiant/build/custom_interface -- -j8 -l8
[0.438s] [  3%] Built target custom_interface__cpp
[0.440s] [ 12%] Built target custom_interface__rosidl_generator_c
[0.474s] [ 22%] Built target custom_interface__rosidl_typesupport_introspection_cpp
[0.477s] [ 35%] Built target custom_interface__rosidl_typesupport_cpp
[0.477s] [ 41%] Built target custom_interface__rosidl_typesupport_introspection_c
[0.479s] [ 51%] Built target custom_interface__rosidl_typesupport_fastrtps_cpp
[0.480s] [ 61%] Built target custom_interface__rosidl_typesupport_c
[0.513s] [ 70%] Built target custom_interface__rosidl_typesupport_fastrtps_c
[0.538s] [ 70%] Built target custom_interface
[0.565s] [ 74%] Built target custom_interface__py
[0.600s] [ 80%] Built target custom_interface__python
[0.637s] [ 87%] Built target custom_interface__rosidl_typesupport_introspection_c__pyext
[0.642s] [ 93%] Built target custom_interface__rosidl_typesupport_c__pyext
[0.647s] [100%] Built target custom_interface__rosidl_typesupport_fastrtps_c__pyext
[0.658s] Invoked command in '/home/adithyakvh/Courses/Fathom_Radiant/build/custom_interface' returned '0': CMAKE_PREFIX_PATH=/home/adithyakvh/Courses/Fathom_Radiant/install/custom_interface:/home/adithyakvh/Courses/Fathom_Radiant/install/my_package:/opt/ros/foxy:/home/adithyakvh/ROS_Installations/catkin_ws/devel:/opt/ros/noetic /usr/bin/cmake --build /home/adithyakvh/Courses/Fathom_Radiant/build/custom_interface -- -j8 -l8
[0.731s] Invoking command in '/home/adithyakvh/Courses/Fathom_Radiant/build/custom_interface': CMAKE_PREFIX_PATH=/home/adithyakvh/Courses/Fathom_Radiant/install/custom_interface:/home/adithyakvh/Courses/Fathom_Radiant/install/my_package:/opt/ros/foxy:/home/adithyakvh/ROS_Installations/catkin_ws/devel:/opt/ros/noetic /usr/bin/cmake --install /home/adithyakvh/Courses/Fathom_Radiant/build/custom_interface
[0.746s] -- Install configuration: ""
[0.746s] -- Up-to-date: /home/adithyakvh/Courses/Fathom_Radiant/install/custom_interface/share/ament_index/resource_index/rosidl_interfaces/custom_interface
[0.746s] -- Up-to-date: /home/adithyakvh/Courses/Fathom_Radiant/install/custom_interface/include/custom_interface
[0.746s] -- Up-to-date: /home/adithyakvh/Courses/Fathom_Radiant/install/custom_interface/include/custom_interface/msg
[0.746s] -- Up-to-date: /home/adithyakvh/Courses/Fathom_Radiant/install/custom_interface/include/custom_interface/msg/rosidl_generator_c__visibility_control.h
[0.746s] -- Up-to-date: /home/adithyakvh/Courses/Fathom_Radiant/install/custom_interface/include/custom_interface/msg/detail
[0.746s] -- Up-to-date: /home/adithyakvh/Courses/Fathom_Radiant/install/custom_interface/include/custom_interface/msg/detail/data_logger__functions.h
[0.747s] -- Up-to-date: /home/adithyakvh/Courses/Fathom_Radiant/install/custom_interface/include/custom_interface/msg/detail/data_logger__functions.c
[0.747s] -- Up-to-date: /home/adithyakvh/Courses/Fathom_Radiant/install/custom_interface/include/custom_interface/msg/detail/data_logger__type_support.h
[0.747s] -- Up-to-date: /home/adithyakvh/Courses/Fathom_Radiant/install/custom_interface/include/custom_interface/msg/detail/data_logger__struct.h
[0.747s] -- Up-to-date: /home/adithyakvh/Courses/Fathom_Radiant/install/custom_interface/include/custom_interface/msg/data_logger.h
[0.747s] -- Up-to-date: /home/adithyakvh/Courses/Fathom_Radiant/install/custom_interface/share/custom_interface/environment/library_path.sh
[0.747s] -- Up-to-date: /home/adithyakvh/Courses/Fathom_Radiant/install/custom_interface/share/custom_interface/environment/library_path.dsv
[0.747s] -- Up-to-date: /home/adithyakvh/Courses/Fathom_Radiant/install/custom_interface/lib/libcustom_interface__rosidl_generator_c.so
[0.748s] -- Up-to-date: /home/adithyakvh/Courses/Fathom_Radiant/install/custom_interface/include/custom_interface
[0.748s] -- Up-to-date: /home/adithyakvh/Courses/Fathom_Radiant/install/custom_interface/include/custom_interface/msg
[0.748s] -- Up-to-date: /home/adithyakvh/Courses/Fathom_Radiant/install/custom_interface/include/custom_interface/msg/rosidl_typesupport_fastrtps_c__visibility_control.h
[0.748s] -- Up-to-date: /home/adithyakvh/Courses/Fathom_Radiant/install/custom_interface/include/custom_interface/msg/detail
[0.748s] -- Up-to-date: /home/adithyakvh/Courses/Fathom_Radiant/install/custom_interface/include/custom_interface/msg/detail/data_logger__rosidl_typesupport_fastrtps_c.h
[0.749s] -- Up-to-date: /home/adithyakvh/Courses/Fathom_Radiant/install/custom_interface/lib/libcustom_interface__rosidl_typesupport_fastrtps_c.so
[0.749s] -- Up-to-date: /home/adithyakvh/Courses/Fathom_Radiant/install/custom_interface/include/custom_interface
[0.749s] -- Up-to-date: /home/adithyakvh/Courses/Fathom_Radiant/install/custom_interface/include/custom_interface/msg
[0.750s] -- Up-to-date: /home/adithyakvh/Courses/Fathom_Radiant/install/custom_interface/include/custom_interface/msg/rosidl_typesupport_fastrtps_cpp__visibility_control.h
[0.750s] -- Up-to-date: /home/adithyakvh/Courses/Fathom_Radiant/install/custom_interface/include/custom_interface/msg/detail
[0.750s] -- Up-to-date: /home/adithyakvh/Courses/Fathom_Radiant/install/custom_interface/include/custom_interface/msg/detail/data_logger__rosidl_typesupport_fastrtps_cpp.hpp
[0.750s] -- Up-to-date: /home/adithyakvh/Courses/Fathom_Radiant/install/custom_interface/include/custom_interface/msg/detail/dds_fastrtps
[0.751s] -- Up-to-date: /home/adithyakvh/Courses/Fathom_Radiant/install/custom_interface/lib/libcustom_interface__rosidl_typesupport_fastrtps_cpp.so
[0.751s] -- Up-to-date: /home/adithyakvh/Courses/Fathom_Radiant/install/custom_interface/include/custom_interface
[0.751s] -- Up-to-date: /home/adithyakvh/Courses/Fathom_Radiant/install/custom_interface/include/custom_interface/msg
[0.751s] -- Up-to-date: /home/adithyakvh/Courses/Fathom_Radiant/install/custom_interface/include/custom_interface/msg/rosidl_typesupport_introspection_c__visibility_control.h
[0.751s] -- Up-to-date: /home/adithyakvh/Courses/Fathom_Radiant/install/custom_interface/include/custom_interface/msg/detail
[0.752s] -- Up-to-date: /home/adithyakvh/Courses/Fathom_Radiant/install/custom_interface/include/custom_interface/msg/detail/data_logger__type_support.c
[0.752s] -- Up-to-date: /home/adithyakvh/Courses/Fathom_Radiant/install/custom_interface/include/custom_interface/msg/detail/data_logger__rosidl_typesupport_introspection_c.h
[0.752s] -- Up-to-date: /home/adithyakvh/Courses/Fathom_Radiant/install/custom_interface/lib/libcustom_interface__rosidl_typesupport_introspection_c.so
[0.754s] -- Up-to-date: /home/adithyakvh/Courses/Fathom_Radiant/install/custom_interface/lib/libcustom_interface__rosidl_typesupport_c.so
[0.754s] -- Up-to-date: /home/adithyakvh/Courses/Fathom_Radiant/install/custom_interface/include/custom_interface
[0.755s] -- Up-to-date: /home/adithyakvh/Courses/Fathom_Radiant/install/custom_interface/include/custom_interface/msg
[0.755s] -- Up-to-date: /home/adithyakvh/Courses/Fathom_Radiant/install/custom_interface/include/custom_interface/msg/data_logger.hpp
[0.755s] -- Up-to-date: /home/adithyakvh/Courses/Fathom_Radiant/install/custom_interface/include/custom_interface/msg/detail
[0.755s] -- Up-to-date: /home/adithyakvh/Courses/Fathom_Radiant/install/custom_interface/include/custom_interface/msg/detail/data_logger__traits.hpp
[0.755s] -- Up-to-date: /home/adithyakvh/Courses/Fathom_Radiant/install/custom_interface/include/custom_interface/msg/detail/data_logger__builder.hpp
[0.755s] -- Up-to-date: /home/adithyakvh/Courses/Fathom_Radiant/install/custom_interface/include/custom_interface/msg/detail/data_logger__struct.hpp
[0.755s] -- Up-to-date: /home/adithyakvh/Courses/Fathom_Radiant/install/custom_interface/include/custom_interface
[0.756s] -- Up-to-date: /home/adithyakvh/Courses/Fathom_Radiant/install/custom_interface/include/custom_interface/msg
[0.756s] -- Up-to-date: /home/adithyakvh/Courses/Fathom_Radiant/install/custom_interface/include/custom_interface/msg/detail
[0.756s] -- Up-to-date: /home/adithyakvh/Courses/Fathom_Radiant/install/custom_interface/include/custom_interface/msg/detail/data_logger__type_support.cpp
[0.756s] -- Up-to-date: /home/adithyakvh/Courses/Fathom_Radiant/install/custom_interface/include/custom_interface/msg/detail/data_logger__rosidl_typesupport_introspection_cpp.hpp
[0.756s] -- Up-to-date: /home/adithyakvh/Courses/Fathom_Radiant/install/custom_interface/lib/libcustom_interface__rosidl_typesupport_introspection_cpp.so
[0.758s] -- Up-to-date: /home/adithyakvh/Courses/Fathom_Radiant/install/custom_interface/lib/libcustom_interface__rosidl_typesupport_cpp.so
[0.758s] -- Up-to-date: /home/adithyakvh/Courses/Fathom_Radiant/install/custom_interface/share/custom_interface/environment/pythonpath.sh
[0.758s] -- Up-to-date: /home/adithyakvh/Courses/Fathom_Radiant/install/custom_interface/share/custom_interface/environment/pythonpath.dsv
[0.759s] -- Up-to-date: /home/adithyakvh/Courses/Fathom_Radiant/install/custom_interface/lib/python3.8/site-packages/custom_interface/__init__.py
[0.797s] -- Up-to-date: /home/adithyakvh/Courses/Fathom_Radiant/install/custom_interface/lib/python3.8/site-packages/custom_interface/msg
[0.797s] -- Up-to-date: /home/adithyakvh/Courses/Fathom_Radiant/install/custom_interface/lib/python3.8/site-packages/custom_interface/msg/_data_logger.py
[0.797s] -- Up-to-date: /home/adithyakvh/Courses/Fathom_Radiant/install/custom_interface/lib/python3.8/site-packages/custom_interface/msg/__init__.py
[0.797s] -- Up-to-date: /home/adithyakvh/Courses/Fathom_Radiant/install/custom_interface/lib/python3.8/site-packages/custom_interface/msg/_data_logger_s.c
[0.799s] -- Up-to-date: /home/adithyakvh/Courses/Fathom_Radiant/install/custom_interface/lib/python3.8/site-packages/custom_interface/custom_interface_s__rosidl_typesupport_fastrtps_c.cpython-38-x86_64-linux-gnu.so
[0.800s] -- Up-to-date: /home/adithyakvh/Courses/Fathom_Radiant/install/custom_interface/lib/python3.8/site-packages/custom_interface/custom_interface_s__rosidl_typesupport_introspection_c.cpython-38-x86_64-linux-gnu.so
[0.802s] -- Up-to-date: /home/adithyakvh/Courses/Fathom_Radiant/install/custom_interface/lib/python3.8/site-packages/custom_interface/custom_interface_s__rosidl_typesupport_c.cpython-38-x86_64-linux-gnu.so
[0.804s] -- Up-to-date: /home/adithyakvh/Courses/Fathom_Radiant/install/custom_interface/lib/libcustom_interface__python.so
[0.804s] -- Up-to-date: /home/adithyakvh/Courses/Fathom_Radiant/install/custom_interface/share/custom_interface/msg/DataLogger.idl
[0.804s] -- Up-to-date: /home/adithyakvh/Courses/Fathom_Radiant/install/custom_interface/share/custom_interface/msg/DataLogger.msg
[0.804s] -- Up-to-date: /home/adithyakvh/Courses/Fathom_Radiant/install/custom_interface/share/ament_index/resource_index/package_run_dependencies/custom_interface
[0.805s] -- Up-to-date: /home/adithyakvh/Courses/Fathom_Radiant/install/custom_interface/share/ament_index/resource_index/parent_prefix_path/custom_interface
[0.805s] -- Up-to-date: /home/adithyakvh/Courses/Fathom_Radiant/install/custom_interface/share/custom_interface/environment/ament_prefix_path.sh
[0.805s] -- Up-to-date: /home/adithyakvh/Courses/Fathom_Radiant/install/custom_interface/share/custom_interface/environment/ament_prefix_path.dsv
[0.805s] -- Up-to-date: /home/adithyakvh/Courses/Fathom_Radiant/install/custom_interface/share/custom_interface/environment/path.sh
[0.805s] -- Up-to-date: /home/adithyakvh/Courses/Fathom_Radiant/install/custom_interface/share/custom_interface/environment/path.dsv
[0.805s] -- Up-to-date: /home/adithyakvh/Courses/Fathom_Radiant/install/custom_interface/share/custom_interface/local_setup.bash
[0.805s] -- Up-to-date: /home/adithyakvh/Courses/Fathom_Radiant/install/custom_interface/share/custom_interface/local_setup.sh
[0.806s] -- Up-to-date: /home/adithyakvh/Courses/Fathom_Radiant/install/custom_interface/share/custom_interface/local_setup.zsh
[0.806s] -- Up-to-date: /home/adithyakvh/Courses/Fathom_Radiant/install/custom_interface/share/custom_interface/local_setup.dsv
[0.806s] -- Installing: /home/adithyakvh/Courses/Fathom_Radiant/install/custom_interface/share/custom_interface/package.dsv
[0.806s] -- Up-to-date: /home/adithyakvh/Courses/Fathom_Radiant/install/custom_interface/share/ament_index/resource_index/packages/custom_interface
[0.807s] -- Up-to-date: /home/adithyakvh/Courses/Fathom_Radiant/install/custom_interface/share/custom_interface/cmake/custom_interface__rosidl_generator_cExport.cmake
[0.807s] -- Up-to-date: /home/adithyakvh/Courses/Fathom_Radiant/install/custom_interface/share/custom_interface/cmake/custom_interface__rosidl_generator_cExport-noconfig.cmake
[0.809s] -- Up-to-date: /home/adithyakvh/Courses/Fathom_Radiant/install/custom_interface/share/custom_interface/cmake/custom_interface__rosidl_typesupport_introspection_cExport.cmake
[0.810s] -- Up-to-date: /home/adithyakvh/Courses/Fathom_Radiant/install/custom_interface/share/custom_interface/cmake/custom_interface__rosidl_typesupport_introspection_cExport-noconfig.cmake
[0.812s] -- Up-to-date: /home/adithyakvh/Courses/Fathom_Radiant/install/custom_interface/share/custom_interface/cmake/custom_interface__rosidl_typesupport_cExport.cmake
[0.812s] -- Up-to-date: /home/adithyakvh/Courses/Fathom_Radiant/install/custom_interface/share/custom_interface/cmake/custom_interface__rosidl_typesupport_cExport-noconfig.cmake
[0.813s] -- Up-to-date: /home/adithyakvh/Courses/Fathom_Radiant/install/custom_interface/share/custom_interface/cmake/custom_interface__rosidl_generator_cppExport.cmake
[0.815s] -- Up-to-date: /home/adithyakvh/Courses/Fathom_Radiant/install/custom_interface/share/custom_interface/cmake/custom_interface__rosidl_typesupport_introspection_cppExport.cmake
[0.816s] -- Up-to-date: /home/adithyakvh/Courses/Fathom_Radiant/install/custom_interface/share/custom_interface/cmake/custom_interface__rosidl_typesupport_introspection_cppExport-noconfig.cmake
[0.817s] -- Up-to-date: /home/adithyakvh/Courses/Fathom_Radiant/install/custom_interface/share/custom_interface/cmake/custom_interface__rosidl_typesupport_cppExport.cmake
[0.818s] -- Up-to-date: /home/adithyakvh/Courses/Fathom_Radiant/install/custom_interface/share/custom_interface/cmake/custom_interface__rosidl_typesupport_cppExport-noconfig.cmake
[0.818s] -- Up-to-date: /home/adithyakvh/Courses/Fathom_Radiant/install/custom_interface/share/custom_interface/cmake/rosidl_cmake-extras.cmake
[0.818s] -- Up-to-date: /home/adithyakvh/Courses/Fathom_Radiant/install/custom_interface/share/custom_interface/cmake/ament_cmake_export_dependencies-extras.cmake
[0.818s] -- Up-to-date: /home/adithyakvh/Courses/Fathom_Radiant/install/custom_interface/share/custom_interface/cmake/ament_cmake_export_libraries-extras.cmake
[0.819s] -- Up-to-date: /home/adithyakvh/Courses/Fathom_Radiant/install/custom_interface/share/custom_interface/cmake/ament_cmake_export_targets-extras.cmake
[0.819s] -- Up-to-date: /home/adithyakvh/Courses/Fathom_Radiant/install/custom_interface/share/custom_interface/cmake/ament_cmake_export_include_directories-extras.cmake
[0.819s] -- Up-to-date: /home/adithyakvh/Courses/Fathom_Radiant/install/custom_interface/share/custom_interface/cmake/rosidl_cmake_export_typesupport_libraries-extras.cmake
[0.819s] -- Up-to-date: /home/adithyakvh/Courses/Fathom_Radiant/install/custom_interface/share/custom_interface/cmake/rosidl_cmake_export_typesupport_targets-extras.cmake
[0.819s] -- Up-to-date: /home/adithyakvh/Courses/Fathom_Radiant/install/custom_interface/share/custom_interface/cmake/custom_interfaceConfig.cmake
[0.819s] -- Up-to-date: /home/adithyakvh/Courses/Fathom_Radiant/install/custom_interface/share/custom_interface/cmake/custom_interfaceConfig-version.cmake
[0.819s] -- Up-to-date: /home/adithyakvh/Courses/Fathom_Radiant/install/custom_interface/share/custom_interface/package.xml
[0.824s] Invoked command in '/home/adithyakvh/Courses/Fathom_Radiant/build/custom_interface' returned '0': CMAKE_PREFIX_PATH=/home/adithyakvh/Courses/Fathom_Radiant/install/custom_interface:/home/adithyakvh/Courses/Fathom_Radiant/install/my_package:/opt/ros/foxy:/home/adithyakvh/ROS_Installations/catkin_ws/devel:/opt/ros/noetic /usr/bin/cmake --install /home/adithyakvh/Courses/Fathom_Radiant/build/custom_interface
