[0.445s] DEBUG:colcon:Command line arguments: ['/usr/bin/colcon', 'build']
[0.445s] DEBUG:colcon:Parsed command line arguments: Namespace(allow_overriding=[], ament_cmake_args=None, base_paths=['.'], build_base='build', catkin_cmake_args=None, catkin_skip_building_tests=False, cmake_args=None, cmake_clean_cache=False, cmake_clean_first=False, cmake_force_configure=False, cmake_target=None, cmake_target_skip_unavailable=False, continue_on_error=False, event_handlers=None, executor='parallel', ignore_user_meta=False, install_base='install', log_base=None, log_level=None, main=<bound method BuildVerb.main of <colcon_core.verb.build.BuildVerb object at 0x7fbcfd22af10>>, merge_install=False, metas=['./colcon.meta'], packages_above=None, packages_above_and_dependencies=None, packages_above_depth=None, packages_end=None, packages_ignore=None, packages_ignore_regex=None, packages_select=None, packages_select_build_failed=False, packages_select_by_dep=None, packages_select_regex=None, packages_select_test_failures=False, packages_skip=None, packages_skip_build_finished=False, packages_skip_by_dep=None, packages_skip_regex=None, packages_skip_test_passed=False, packages_skip_up_to=None, packages_start=None, packages_up_to=None, packages_up_to_regex=None, parallel_workers=8, paths=None, symlink_install=False, test_result_base=None, verb_extension=<colcon_core.verb.build.BuildVerb object at 0x7fbcfd22af10>, verb_name='build', verb_parser=<colcon_defaults.argument_parser.defaults.DefaultArgumentsDecorator object at 0x7fbcfcf4c130>)
[0.476s] Level 1:colcon.colcon_core.package_discovery:discover_packages(colcon_meta) check parameters
[0.476s] Level 1:colcon.colcon_core.package_discovery:discover_packages(recursive) check parameters
[0.476s] Level 1:colcon.colcon_core.package_discovery:discover_packages(ignore) check parameters
[0.476s] Level 1:colcon.colcon_core.package_discovery:discover_packages(path) check parameters
[0.476s] Level 1:colcon.colcon_core.package_discovery:discover_packages(colcon_meta) discover
[0.476s] Level 1:colcon.colcon_core.package_discovery:discover_packages(recursive) discover
[0.476s] INFO:colcon.colcon_core.package_discovery:Crawling recursively for packages in '/home/adithyakvh/Courses/ROS_Data_Logger/Fathom_Radiant'
[0.476s] Level 1:colcon.colcon_core.package_identification:_identify(.) by extensions ['ignore', 'ignore_ament_install']
[0.476s] Level 1:colcon.colcon_core.package_identification:_identify(.) by extension 'ignore'
[0.476s] Level 1:colcon.colcon_core.package_identification:_identify(.) by extension 'ignore_ament_install'
[0.476s] Level 1:colcon.colcon_core.package_identification:_identify(.) by extensions ['colcon_pkg']
[0.476s] Level 1:colcon.colcon_core.package_identification:_identify(.) by extension 'colcon_pkg'
[0.476s] Level 1:colcon.colcon_core.package_identification:_identify(.) by extensions ['colcon_meta']
[0.476s] Level 1:colcon.colcon_core.package_identification:_identify(.) by extension 'colcon_meta'
[0.476s] Level 1:colcon.colcon_core.package_identification:_identify(.) by extensions ['ros']
[0.476s] Level 1:colcon.colcon_core.package_identification:_identify(.) by extension 'ros'
[0.487s] Level 1:colcon.colcon_core.package_identification:_identify(.) by extensions ['cmake', 'python']
[0.487s] Level 1:colcon.colcon_core.package_identification:_identify(.) by extension 'cmake'
[0.488s] Level 1:colcon.colcon_core.package_identification:_identify(.) by extension 'python'
[0.488s] Level 1:colcon.colcon_core.package_identification:_identify(.) by extensions ['python_setup_py']
[0.488s] Level 1:colcon.colcon_core.package_identification:_identify(.) by extension 'python_setup_py'
[0.488s] Level 1:colcon.colcon_core.package_identification:_identify(build) by extensions ['ignore', 'ignore_ament_install']
[0.488s] Level 1:colcon.colcon_core.package_identification:_identify(build) by extension 'ignore'
[0.488s] Level 1:colcon.colcon_core.package_identification:_identify(build) ignored
[0.488s] Level 1:colcon.colcon_core.package_identification:_identify(install) by extensions ['ignore', 'ignore_ament_install']
[0.488s] Level 1:colcon.colcon_core.package_identification:_identify(install) by extension 'ignore'
[0.488s] Level 1:colcon.colcon_core.package_identification:_identify(install) ignored
[0.488s] Level 1:colcon.colcon_core.package_identification:_identify(log) by extensions ['ignore', 'ignore_ament_install']
[0.488s] Level 1:colcon.colcon_core.package_identification:_identify(log) by extension 'ignore'
[0.488s] Level 1:colcon.colcon_core.package_identification:_identify(log) ignored
[0.489s] Level 1:colcon.colcon_core.package_identification:_identify(src) by extensions ['ignore', 'ignore_ament_install']
[0.489s] Level 1:colcon.colcon_core.package_identification:_identify(src) by extension 'ignore'
[0.489s] Level 1:colcon.colcon_core.package_identification:_identify(src) by extension 'ignore_ament_install'
[0.489s] Level 1:colcon.colcon_core.package_identification:_identify(src) by extensions ['colcon_pkg']
[0.489s] Level 1:colcon.colcon_core.package_identification:_identify(src) by extension 'colcon_pkg'
[0.489s] Level 1:colcon.colcon_core.package_identification:_identify(src) by extensions ['colcon_meta']
[0.489s] Level 1:colcon.colcon_core.package_identification:_identify(src) by extension 'colcon_meta'
[0.489s] Level 1:colcon.colcon_core.package_identification:_identify(src) by extensions ['ros']
[0.489s] Level 1:colcon.colcon_core.package_identification:_identify(src) by extension 'ros'
[0.489s] Level 1:colcon.colcon_core.package_identification:_identify(src) by extensions ['cmake', 'python']
[0.489s] Level 1:colcon.colcon_core.package_identification:_identify(src) by extension 'cmake'
[0.489s] Level 1:colcon.colcon_core.package_identification:_identify(src) by extension 'python'
[0.489s] Level 1:colcon.colcon_core.package_identification:_identify(src) by extensions ['python_setup_py']
[0.489s] Level 1:colcon.colcon_core.package_identification:_identify(src) by extension 'python_setup_py'
[0.489s] Level 1:colcon.colcon_core.package_identification:_identify(src/custom_interface) by extensions ['ignore', 'ignore_ament_install']
[0.489s] Level 1:colcon.colcon_core.package_identification:_identify(src/custom_interface) by extension 'ignore'
[0.490s] Level 1:colcon.colcon_core.package_identification:_identify(src/custom_interface) by extension 'ignore_ament_install'
[0.490s] Level 1:colcon.colcon_core.package_identification:_identify(src/custom_interface) by extensions ['colcon_pkg']
[0.490s] Level 1:colcon.colcon_core.package_identification:_identify(src/custom_interface) by extension 'colcon_pkg'
[0.490s] Level 1:colcon.colcon_core.package_identification:_identify(src/custom_interface) by extensions ['colcon_meta']
[0.490s] Level 1:colcon.colcon_core.package_identification:_identify(src/custom_interface) by extension 'colcon_meta'
[0.490s] Level 1:colcon.colcon_core.package_identification:_identify(src/custom_interface) by extensions ['ros']
[0.490s] Level 1:colcon.colcon_core.package_identification:_identify(src/custom_interface) by extension 'ros'
[0.492s] DEBUG:colcon.colcon_core.package_identification:Package 'src/custom_interface' with type 'ros.ament_cmake' and name 'custom_interface'
[0.492s] Level 1:colcon.colcon_core.package_identification:_identify(src/my_package) by extensions ['ignore', 'ignore_ament_install']
[0.493s] Level 1:colcon.colcon_core.package_identification:_identify(src/my_package) by extension 'ignore'
[0.493s] Level 1:colcon.colcon_core.package_identification:_identify(src/my_package) by extension 'ignore_ament_install'
[0.493s] Level 1:colcon.colcon_core.package_identification:_identify(src/my_package) by extensions ['colcon_pkg']
[0.493s] Level 1:colcon.colcon_core.package_identification:_identify(src/my_package) by extension 'colcon_pkg'
[0.493s] Level 1:colcon.colcon_core.package_identification:_identify(src/my_package) by extensions ['colcon_meta']
[0.493s] Level 1:colcon.colcon_core.package_identification:_identify(src/my_package) by extension 'colcon_meta'
[0.493s] Level 1:colcon.colcon_core.package_identification:_identify(src/my_package) by extensions ['ros']
[0.493s] Level 1:colcon.colcon_core.package_identification:_identify(src/my_package) by extension 'ros'
[0.494s] DEBUG:colcon.colcon_core.package_identification:Package 'src/my_package' with type 'ros.ament_python' and name 'my_package'
[0.494s] Level 1:colcon.colcon_core.package_discovery:discover_packages(recursive) using defaults
[0.494s] Level 1:colcon.colcon_core.package_discovery:discover_packages(ignore) discover
[0.494s] Level 1:colcon.colcon_core.package_discovery:discover_packages(ignore) using defaults
[0.494s] Level 1:colcon.colcon_core.package_discovery:discover_packages(path) discover
[0.494s] Level 1:colcon.colcon_core.package_discovery:discover_packages(path) using defaults
[0.525s] Level 1:colcon.colcon_core.package_discovery:discover_packages(prefix_path) check parameters
[0.525s] Level 1:colcon.colcon_core.package_discovery:discover_packages(prefix_path) discover
[0.530s] DEBUG:colcon.colcon_installed_package_information.package_discovery:Found 2 installed packages in /home/adithyakvh/Courses/ROS_Data_Logger/Fathom_Radiant/install
[0.533s] DEBUG:colcon.colcon_installed_package_information.package_discovery:Found 266 installed packages in /opt/ros/foxy
[0.537s] DEBUG:colcon.colcon_installed_package_information.package_discovery:Found 1 installed packages in /opt/ros/noetic
[0.537s] Level 1:colcon.colcon_core.package_discovery:discover_packages(prefix_path) using defaults
[0.612s] Level 5:colcon.colcon_core.verb:set package 'custom_interface' build argument 'cmake_args' from command line to 'None'
[0.612s] Level 5:colcon.colcon_core.verb:set package 'custom_interface' build argument 'cmake_target' from command line to 'None'
[0.612s] Level 5:colcon.colcon_core.verb:set package 'custom_interface' build argument 'cmake_target_skip_unavailable' from command line to 'False'
[0.612s] Level 5:colcon.colcon_core.verb:set package 'custom_interface' build argument 'cmake_clean_cache' from command line to 'False'
[0.612s] Level 5:colcon.colcon_core.verb:set package 'custom_interface' build argument 'cmake_clean_first' from command line to 'False'
[0.612s] Level 5:colcon.colcon_core.verb:set package 'custom_interface' build argument 'cmake_force_configure' from command line to 'False'
[0.612s] Level 5:colcon.colcon_core.verb:set package 'custom_interface' build argument 'ament_cmake_args' from command line to 'None'
[0.612s] Level 5:colcon.colcon_core.verb:set package 'custom_interface' build argument 'catkin_cmake_args' from command line to 'None'
[0.612s] Level 5:colcon.colcon_core.verb:set package 'custom_interface' build argument 'catkin_skip_building_tests' from command line to 'False'
[0.612s] DEBUG:colcon.colcon_core.verb:Building package 'custom_interface' with the following arguments: {'ament_cmake_args': None, 'build_base': '/home/adithyakvh/Courses/ROS_Data_Logger/Fathom_Radiant/build/custom_interface', 'catkin_cmake_args': None, 'catkin_skip_building_tests': False, 'cmake_args': None, 'cmake_clean_cache': False, 'cmake_clean_first': False, 'cmake_force_configure': False, 'cmake_target': None, 'cmake_target_skip_unavailable': False, 'install_base': '/home/adithyakvh/Courses/ROS_Data_Logger/Fathom_Radiant/install/custom_interface', 'merge_install': False, 'path': '/home/adithyakvh/Courses/ROS_Data_Logger/Fathom_Radiant/src/custom_interface', 'symlink_install': False, 'test_result_base': None}
[0.614s] Level 5:colcon.colcon_core.verb:set package 'my_package' build argument 'cmake_args' from command line to 'None'
[0.614s] Level 5:colcon.colcon_core.verb:set package 'my_package' build argument 'cmake_target' from command line to 'None'
[0.614s] Level 5:colcon.colcon_core.verb:set package 'my_package' build argument 'cmake_target_skip_unavailable' from command line to 'False'
[0.614s] Level 5:colcon.colcon_core.verb:set package 'my_package' build argument 'cmake_clean_cache' from command line to 'False'
[0.614s] Level 5:colcon.colcon_core.verb:set package 'my_package' build argument 'cmake_clean_first' from command line to 'False'
[0.614s] Level 5:colcon.colcon_core.verb:set package 'my_package' build argument 'cmake_force_configure' from command line to 'False'
[0.614s] Level 5:colcon.colcon_core.verb:set package 'my_package' build argument 'ament_cmake_args' from command line to 'None'
[0.614s] Level 5:colcon.colcon_core.verb:set package 'my_package' build argument 'catkin_cmake_args' from command line to 'None'
[0.614s] Level 5:colcon.colcon_core.verb:set package 'my_package' build argument 'catkin_skip_building_tests' from command line to 'False'
[0.614s] DEBUG:colcon.colcon_core.verb:Building package 'my_package' with the following arguments: {'ament_cmake_args': None, 'build_base': '/home/adithyakvh/Courses/ROS_Data_Logger/Fathom_Radiant/build/my_package', 'catkin_cmake_args': None, 'catkin_skip_building_tests': False, 'cmake_args': None, 'cmake_clean_cache': False, 'cmake_clean_first': False, 'cmake_force_configure': False, 'cmake_target': None, 'cmake_target_skip_unavailable': False, 'install_base': '/home/adithyakvh/Courses/ROS_Data_Logger/Fathom_Radiant/install/my_package', 'merge_install': False, 'path': '/home/adithyakvh/Courses/ROS_Data_Logger/Fathom_Radiant/src/my_package', 'symlink_install': False, 'test_result_base': None}
[0.616s] INFO:colcon.colcon_core.executor:Executing jobs using 'parallel' executor
[0.623s] DEBUG:colcon.colcon_parallel_executor.executor.parallel:run_until_complete
[0.623s] INFO:colcon.colcon_ros.task.ament_cmake.build:Building ROS package in '/home/adithyakvh/Courses/ROS_Data_Logger/Fathom_Radiant/src/custom_interface' with build type 'ament_cmake'
[0.624s] INFO:colcon.colcon_cmake.task.cmake.build:Building CMake package in '/home/adithyakvh/Courses/ROS_Data_Logger/Fathom_Radiant/src/custom_interface'
[0.630s] INFO:colcon.colcon_core.plugin_system:Skipping extension 'colcon_core.shell.bat': Not used on non-Windows systems
[0.631s] INFO:colcon.colcon_core.shell:Skip shell extension 'powershell' for command environment: Not usable outside of PowerShell
[0.631s] DEBUG:colcon.colcon_core.shell:Skip shell extension 'dsv' for command environment
[0.638s] DEBUG:colcon.colcon_core.shell:Ignoring prefix path '/home/adithyakvh/ROS_Installations/catkin_ws/devel'
[0.643s] INFO:colcon.colcon_ros.task.ament_python.build:Building ROS package in '/home/adithyakvh/Courses/ROS_Data_Logger/Fathom_Radiant/src/my_package' with build type 'ament_python'
[0.643s] Level 1:colcon.colcon_core.shell:create_environment_hook('my_package', 'ament_prefix_path')
[0.648s] INFO:colcon.colcon_core.shell:Creating environment hook '/home/adithyakvh/Courses/ROS_Data_Logger/Fathom_Radiant/install/my_package/share/my_package/hook/ament_prefix_path.ps1'
[0.650s] INFO:colcon.colcon_core.shell:Creating environment descriptor '/home/adithyakvh/Courses/ROS_Data_Logger/Fathom_Radiant/install/my_package/share/my_package/hook/ament_prefix_path.dsv'
[0.650s] INFO:colcon.colcon_core.shell:Creating environment hook '/home/adithyakvh/Courses/ROS_Data_Logger/Fathom_Radiant/install/my_package/share/my_package/hook/ament_prefix_path.sh'
[0.654s] INFO:colcon.colcon_core.shell:Skip shell extension 'powershell' for command environment: Not usable outside of PowerShell
[0.654s] DEBUG:colcon.colcon_core.shell:Skip shell extension 'dsv' for command environment
[0.663s] DEBUG:colcon.colcon_core.shell:Ignoring prefix path '/home/adithyakvh/ROS_Installations/catkin_ws/devel'
[0.680s] DEBUG:colcon.colcon_core.event_handler.log_command:Invoking command in '/home/adithyakvh/Courses/ROS_Data_Logger/Fathom_Radiant/build/custom_interface': CMAKE_PREFIX_PATH=/home/adithyakvh/Courses/ROS_Data_Logger/Fathom_Radiant/install/custom_interface:/home/adithyakvh/Courses/ROS_Data_Logger/Fathom_Radiant/install/my_package:/opt/ros/foxy:/home/adithyakvh/ROS_Installations/catkin_ws/devel:/opt/ros/noetic /usr/bin/cmake --build /home/adithyakvh/Courses/ROS_Data_Logger/Fathom_Radiant/build/custom_interface -- -j8 -l8
[1.079s] INFO:colcon.colcon_core.task.python.build:Building Python package in '/home/adithyakvh/Courses/ROS_Data_Logger/Fathom_Radiant/src/my_package'
[1.086s] INFO:colcon.colcon_core.shell:Skip shell extension 'powershell' for command environment: Not usable outside of PowerShell
[1.086s] DEBUG:colcon.colcon_core.shell:Skip shell extension 'dsv' for command environment
[1.097s] DEBUG:colcon.colcon_core.shell:Ignoring prefix path '/home/adithyakvh/ROS_Installations/catkin_ws/devel'
[1.106s] DEBUG:colcon.colcon_core.event_handler.log_command:Invoked command in '/home/adithyakvh/Courses/ROS_Data_Logger/Fathom_Radiant/build/custom_interface' returned '0': CMAKE_PREFIX_PATH=/home/adithyakvh/Courses/ROS_Data_Logger/Fathom_Radiant/install/custom_interface:/home/adithyakvh/Courses/ROS_Data_Logger/Fathom_Radiant/install/my_package:/opt/ros/foxy:/home/adithyakvh/ROS_Installations/catkin_ws/devel:/opt/ros/noetic /usr/bin/cmake --build /home/adithyakvh/Courses/ROS_Data_Logger/Fathom_Radiant/build/custom_interface -- -j8 -l8
[1.207s] DEBUG:colcon.colcon_core.event_handler.log_command:Invoking command in '/home/adithyakvh/Courses/ROS_Data_Logger/Fathom_Radiant/build/custom_interface': CMAKE_PREFIX_PATH=/home/adithyakvh/Courses/ROS_Data_Logger/Fathom_Radiant/install/custom_interface:/home/adithyakvh/Courses/ROS_Data_Logger/Fathom_Radiant/install/my_package:/opt/ros/foxy:/home/adithyakvh/ROS_Installations/catkin_ws/devel:/opt/ros/noetic /usr/bin/cmake --install /home/adithyakvh/Courses/ROS_Data_Logger/Fathom_Radiant/build/custom_interface
[1.276s] Level 1:colcon.colcon_core.environment:create_environment_scripts_only(custom_interface)
[1.279s] DEBUG:colcon.colcon_core.event_handler.log_command:Invoked command in '/home/adithyakvh/Courses/ROS_Data_Logger/Fathom_Radiant/build/custom_interface' returned '0': CMAKE_PREFIX_PATH=/home/adithyakvh/Courses/ROS_Data_Logger/Fathom_Radiant/install/custom_interface:/home/adithyakvh/Courses/ROS_Data_Logger/Fathom_Radiant/install/my_package:/opt/ros/foxy:/home/adithyakvh/ROS_Installations/catkin_ws/devel:/opt/ros/noetic /usr/bin/cmake --install /home/adithyakvh/Courses/ROS_Data_Logger/Fathom_Radiant/build/custom_interface
[1.286s] Level 1:colcon.colcon_core.environment:checking '/home/adithyakvh/Courses/ROS_Data_Logger/Fathom_Radiant/install/custom_interface' for CMake module files
[1.286s] Level 1:colcon.colcon_core.environment:checking '/home/adithyakvh/Courses/ROS_Data_Logger/Fathom_Radiant/install/custom_interface' for CMake config files
[1.286s] Level 1:colcon.colcon_core.shell:create_environment_hook('custom_interface', 'cmake_prefix_path')
[1.290s] INFO:colcon.colcon_core.shell:Creating environment hook '/home/adithyakvh/Courses/ROS_Data_Logger/Fathom_Radiant/install/custom_interface/share/custom_interface/hook/cmake_prefix_path.ps1'
[1.290s] INFO:colcon.colcon_core.shell:Creating environment descriptor '/home/adithyakvh/Courses/ROS_Data_Logger/Fathom_Radiant/install/custom_interface/share/custom_interface/hook/cmake_prefix_path.dsv'
[1.291s] INFO:colcon.colcon_core.shell:Creating environment hook '/home/adithyakvh/Courses/ROS_Data_Logger/Fathom_Radiant/install/custom_interface/share/custom_interface/hook/cmake_prefix_path.sh'
[1.291s] Level 1:colcon.colcon_core.environment:checking '/home/adithyakvh/Courses/ROS_Data_Logger/Fathom_Radiant/install/custom_interface/lib'
[1.292s] Level 1:colcon.colcon_core.shell:create_environment_hook('custom_interface', 'ld_library_path_lib')
[1.295s] INFO:colcon.colcon_core.shell:Creating environment hook '/home/adithyakvh/Courses/ROS_Data_Logger/Fathom_Radiant/install/custom_interface/share/custom_interface/hook/ld_library_path_lib.ps1'
[1.296s] INFO:colcon.colcon_core.shell:Creating environment descriptor '/home/adithyakvh/Courses/ROS_Data_Logger/Fathom_Radiant/install/custom_interface/share/custom_interface/hook/ld_library_path_lib.dsv'
[1.296s] INFO:colcon.colcon_core.shell:Creating environment hook '/home/adithyakvh/Courses/ROS_Data_Logger/Fathom_Radiant/install/custom_interface/share/custom_interface/hook/ld_library_path_lib.sh'
[1.296s] Level 1:colcon.colcon_core.environment:checking '/home/adithyakvh/Courses/ROS_Data_Logger/Fathom_Radiant/install/custom_interface/bin'
[1.296s] Level 1:colcon.colcon_core.environment:checking '/home/adithyakvh/Courses/ROS_Data_Logger/Fathom_Radiant/install/custom_interface/lib/pkgconfig/custom_interface.pc'
[1.297s] Level 1:colcon.colcon_core.environment:checking '/home/adithyakvh/Courses/ROS_Data_Logger/Fathom_Radiant/install/custom_interface/lib/python3.8/site-packages'
[1.297s] Level 1:colcon.colcon_core.shell:create_environment_hook('custom_interface', 'pythonpath')
[1.300s] INFO:colcon.colcon_core.shell:Creating environment hook '/home/adithyakvh/Courses/ROS_Data_Logger/Fathom_Radiant/install/custom_interface/share/custom_interface/hook/pythonpath.ps1'
[1.301s] INFO:colcon.colcon_core.shell:Creating environment descriptor '/home/adithyakvh/Courses/ROS_Data_Logger/Fathom_Radiant/install/custom_interface/share/custom_interface/hook/pythonpath.dsv'
[1.301s] INFO:colcon.colcon_core.shell:Creating environment hook '/home/adithyakvh/Courses/ROS_Data_Logger/Fathom_Radiant/install/custom_interface/share/custom_interface/hook/pythonpath.sh'
[1.301s] Level 1:colcon.colcon_core.environment:checking '/home/adithyakvh/Courses/ROS_Data_Logger/Fathom_Radiant/install/custom_interface/bin'
[1.305s] INFO:colcon.colcon_core.shell:Creating package script '/home/adithyakvh/Courses/ROS_Data_Logger/Fathom_Radiant/install/custom_interface/share/custom_interface/package.ps1'
[1.306s] INFO:colcon.colcon_core.shell:Creating package descriptor '/home/adithyakvh/Courses/ROS_Data_Logger/Fathom_Radiant/install/custom_interface/share/custom_interface/package.dsv'
[1.307s] INFO:colcon.colcon_core.shell:Creating package script '/home/adithyakvh/Courses/ROS_Data_Logger/Fathom_Radiant/install/custom_interface/share/custom_interface/package.sh'
[1.308s] INFO:colcon.colcon_core.shell:Creating package script '/home/adithyakvh/Courses/ROS_Data_Logger/Fathom_Radiant/install/custom_interface/share/custom_interface/package.bash'
[1.308s] INFO:colcon.colcon_core.shell:Creating package script '/home/adithyakvh/Courses/ROS_Data_Logger/Fathom_Radiant/install/custom_interface/share/custom_interface/package.zsh'
[1.309s] Level 1:colcon.colcon_core.environment:create_file_with_runtime_dependencies(/home/adithyakvh/Courses/ROS_Data_Logger/Fathom_Radiant/install/custom_interface/share/colcon-core/packages/custom_interface)
[1.374s] Level 1:colcon.colcon_core.environment:create_environment_scripts_only(custom_interface)
[1.380s] Level 1:colcon.colcon_core.environment:checking '/home/adithyakvh/Courses/ROS_Data_Logger/Fathom_Radiant/install/custom_interface' for CMake module files
[1.380s] Level 1:colcon.colcon_core.environment:checking '/home/adithyakvh/Courses/ROS_Data_Logger/Fathom_Radiant/install/custom_interface' for CMake config files
[1.381s] Level 1:colcon.colcon_core.shell:create_environment_hook('custom_interface', 'cmake_prefix_path')
[1.384s] INFO:colcon.colcon_core.shell:Creating environment hook '/home/adithyakvh/Courses/ROS_Data_Logger/Fathom_Radiant/install/custom_interface/share/custom_interface/hook/cmake_prefix_path.ps1'
[1.385s] INFO:colcon.colcon_core.shell:Creating environment descriptor '/home/adithyakvh/Courses/ROS_Data_Logger/Fathom_Radiant/install/custom_interface/share/custom_interface/hook/cmake_prefix_path.dsv'
[1.385s] INFO:colcon.colcon_core.shell:Creating environment hook '/home/adithyakvh/Courses/ROS_Data_Logger/Fathom_Radiant/install/custom_interface/share/custom_interface/hook/cmake_prefix_path.sh'
[1.386s] Level 1:colcon.colcon_core.environment:checking '/home/adithyakvh/Courses/ROS_Data_Logger/Fathom_Radiant/install/custom_interface/lib'
[1.386s] Level 1:colcon.colcon_core.shell:create_environment_hook('custom_interface', 'ld_library_path_lib')
[1.391s] INFO:colcon.colcon_core.shell:Creating environment hook '/home/adithyakvh/Courses/ROS_Data_Logger/Fathom_Radiant/install/custom_interface/share/custom_interface/hook/ld_library_path_lib.ps1'
[1.392s] INFO:colcon.colcon_core.shell:Creating environment descriptor '/home/adithyakvh/Courses/ROS_Data_Logger/Fathom_Radiant/install/custom_interface/share/custom_interface/hook/ld_library_path_lib.dsv'
[1.393s] INFO:colcon.colcon_core.shell:Creating environment hook '/home/adithyakvh/Courses/ROS_Data_Logger/Fathom_Radiant/install/custom_interface/share/custom_interface/hook/ld_library_path_lib.sh'
[1.393s] Level 1:colcon.colcon_core.environment:checking '/home/adithyakvh/Courses/ROS_Data_Logger/Fathom_Radiant/install/custom_interface/bin'
[1.393s] Level 1:colcon.colcon_core.environment:checking '/home/adithyakvh/Courses/ROS_Data_Logger/Fathom_Radiant/install/custom_interface/lib/pkgconfig/custom_interface.pc'
[1.394s] Level 1:colcon.colcon_core.environment:checking '/home/adithyakvh/Courses/ROS_Data_Logger/Fathom_Radiant/install/custom_interface/lib/python3.8/site-packages'
[1.394s] Level 1:colcon.colcon_core.shell:create_environment_hook('custom_interface', 'pythonpath')
[1.398s] INFO:colcon.colcon_core.shell:Creating environment hook '/home/adithyakvh/Courses/ROS_Data_Logger/Fathom_Radiant/install/custom_interface/share/custom_interface/hook/pythonpath.ps1'
[1.398s] INFO:colcon.colcon_core.shell:Creating environment descriptor '/home/adithyakvh/Courses/ROS_Data_Logger/Fathom_Radiant/install/custom_interface/share/custom_interface/hook/pythonpath.dsv'
[1.398s] INFO:colcon.colcon_core.shell:Creating environment hook '/home/adithyakvh/Courses/ROS_Data_Logger/Fathom_Radiant/install/custom_interface/share/custom_interface/hook/pythonpath.sh'
[1.399s] Level 1:colcon.colcon_core.environment:checking '/home/adithyakvh/Courses/ROS_Data_Logger/Fathom_Radiant/install/custom_interface/bin'
[1.403s] INFO:colcon.colcon_core.shell:Creating package script '/home/adithyakvh/Courses/ROS_Data_Logger/Fathom_Radiant/install/custom_interface/share/custom_interface/package.ps1'
[1.404s] INFO:colcon.colcon_core.shell:Creating package descriptor '/home/adithyakvh/Courses/ROS_Data_Logger/Fathom_Radiant/install/custom_interface/share/custom_interface/package.dsv'
[1.405s] INFO:colcon.colcon_core.shell:Creating package script '/home/adithyakvh/Courses/ROS_Data_Logger/Fathom_Radiant/install/custom_interface/share/custom_interface/package.sh'
[1.405s] INFO:colcon.colcon_core.shell:Creating package script '/home/adithyakvh/Courses/ROS_Data_Logger/Fathom_Radiant/install/custom_interface/share/custom_interface/package.bash'
[1.406s] INFO:colcon.colcon_core.shell:Creating package script '/home/adithyakvh/Courses/ROS_Data_Logger/Fathom_Radiant/install/custom_interface/share/custom_interface/package.zsh'
[1.407s] Level 1:colcon.colcon_core.environment:create_file_with_runtime_dependencies(/home/adithyakvh/Courses/ROS_Data_Logger/Fathom_Radiant/install/custom_interface/share/colcon-core/packages/custom_interface)
[1.689s] DEBUG:colcon.colcon_core.event_handler.log_command:Invoking command in '/home/adithyakvh/Courses/ROS_Data_Logger/Fathom_Radiant/src/my_package': PYTHONPATH=/home/adithyakvh/Courses/ROS_Data_Logger/Fathom_Radiant/build/my_package/prefix_override:/home/adithyakvh/Courses/ROS_Data_Logger/Fathom_Radiant/install/my_package/lib/python3.8/site-packages:${PYTHONPATH} /usr/bin/python3 setup.py egg_info --egg-base ../../build/my_package build --build-base /home/adithyakvh/Courses/ROS_Data_Logger/Fathom_Radiant/build/my_package/build install --record /home/adithyakvh/Courses/ROS_Data_Logger/Fathom_Radiant/build/my_package/install.log --install-scripts $base/lib/my_package --single-version-externally-managed
[2.084s] Level 1:colcon.colcon_core.environment:checking '/home/adithyakvh/Courses/ROS_Data_Logger/Fathom_Radiant/install/my_package' for CMake module files
[2.085s] DEBUG:colcon.colcon_core.event_handler.log_command:Invoked command in '/home/adithyakvh/Courses/ROS_Data_Logger/Fathom_Radiant/src/my_package' returned '0': PYTHONPATH=/home/adithyakvh/Courses/ROS_Data_Logger/Fathom_Radiant/build/my_package/prefix_override:/home/adithyakvh/Courses/ROS_Data_Logger/Fathom_Radiant/install/my_package/lib/python3.8/site-packages:${PYTHONPATH} /usr/bin/python3 setup.py egg_info --egg-base ../../build/my_package build --build-base /home/adithyakvh/Courses/ROS_Data_Logger/Fathom_Radiant/build/my_package/build install --record /home/adithyakvh/Courses/ROS_Data_Logger/Fathom_Radiant/build/my_package/install.log --install-scripts $base/lib/my_package --single-version-externally-managed
[2.085s] Level 1:colcon.colcon_core.environment:checking '/home/adithyakvh/Courses/ROS_Data_Logger/Fathom_Radiant/install/my_package' for CMake config files
[2.086s] Level 1:colcon.colcon_core.environment:checking '/home/adithyakvh/Courses/ROS_Data_Logger/Fathom_Radiant/install/my_package/lib'
[2.086s] Level 1:colcon.colcon_core.environment:checking '/home/adithyakvh/Courses/ROS_Data_Logger/Fathom_Radiant/install/my_package/bin'
[2.086s] Level 1:colcon.colcon_core.environment:checking '/home/adithyakvh/Courses/ROS_Data_Logger/Fathom_Radiant/install/my_package/lib/pkgconfig/my_package.pc'
[2.087s] Level 1:colcon.colcon_core.environment:checking '/home/adithyakvh/Courses/ROS_Data_Logger/Fathom_Radiant/install/my_package/lib/python3.8/site-packages'
[2.087s] Level 1:colcon.colcon_core.shell:create_environment_hook('my_package', 'pythonpath')
[2.093s] INFO:colcon.colcon_core.shell:Creating environment hook '/home/adithyakvh/Courses/ROS_Data_Logger/Fathom_Radiant/install/my_package/share/my_package/hook/pythonpath.ps1'
[2.094s] INFO:colcon.colcon_core.shell:Creating environment descriptor '/home/adithyakvh/Courses/ROS_Data_Logger/Fathom_Radiant/install/my_package/share/my_package/hook/pythonpath.dsv'
[2.094s] INFO:colcon.colcon_core.shell:Creating environment hook '/home/adithyakvh/Courses/ROS_Data_Logger/Fathom_Radiant/install/my_package/share/my_package/hook/pythonpath.sh'
[2.095s] Level 1:colcon.colcon_core.environment:checking '/home/adithyakvh/Courses/ROS_Data_Logger/Fathom_Radiant/install/my_package/bin'
[2.095s] Level 1:colcon.colcon_core.environment:create_environment_scripts_only(my_package)
[2.098s] INFO:colcon.colcon_core.shell:Creating package script '/home/adithyakvh/Courses/ROS_Data_Logger/Fathom_Radiant/install/my_package/share/my_package/package.ps1'
[2.099s] INFO:colcon.colcon_core.shell:Creating package descriptor '/home/adithyakvh/Courses/ROS_Data_Logger/Fathom_Radiant/install/my_package/share/my_package/package.dsv'
[2.099s] INFO:colcon.colcon_core.shell:Creating package script '/home/adithyakvh/Courses/ROS_Data_Logger/Fathom_Radiant/install/my_package/share/my_package/package.sh'
[2.100s] INFO:colcon.colcon_core.shell:Creating package script '/home/adithyakvh/Courses/ROS_Data_Logger/Fathom_Radiant/install/my_package/share/my_package/package.bash'
[2.100s] INFO:colcon.colcon_core.shell:Creating package script '/home/adithyakvh/Courses/ROS_Data_Logger/Fathom_Radiant/install/my_package/share/my_package/package.zsh'
[2.101s] Level 1:colcon.colcon_core.environment:create_file_with_runtime_dependencies(/home/adithyakvh/Courses/ROS_Data_Logger/Fathom_Radiant/install/my_package/share/colcon-core/packages/my_package)
[2.101s] DEBUG:colcon.colcon_parallel_executor.executor.parallel:closing loop
[2.101s] DEBUG:colcon.colcon_parallel_executor.executor.parallel:loop closed
[2.101s] DEBUG:colcon.colcon_parallel_executor.executor.parallel:run_until_complete finished with '0'
[2.102s] DEBUG:colcon.colcon_core.event_reactor:joining thread
[2.109s] INFO:colcon.colcon_core.plugin_system:Skipping extension 'colcon_notification.desktop_notification.terminal_notifier': Not used on non-Darwin systems
[2.110s] INFO:colcon.colcon_core.plugin_system:Skipping extension 'colcon_notification.desktop_notification.win32': Not used on non-Windows systems
[2.110s] INFO:colcon.colcon_notification.desktop_notification:Sending desktop notification using 'notify2'
[2.125s] DEBUG:colcon.colcon_core.event_reactor:joined thread
[2.129s] INFO:colcon.colcon_core.shell:Creating prefix script '/home/adithyakvh/Courses/ROS_Data_Logger/Fathom_Radiant/install/local_setup.ps1'
[2.130s] INFO:colcon.colcon_core.shell:Creating prefix util module '/home/adithyakvh/Courses/ROS_Data_Logger/Fathom_Radiant/install/_local_setup_util_ps1.py'
[2.132s] INFO:colcon.colcon_core.shell:Creating prefix chain script '/home/adithyakvh/Courses/ROS_Data_Logger/Fathom_Radiant/install/setup.ps1'
[2.134s] INFO:colcon.colcon_core.shell:Creating prefix script '/home/adithyakvh/Courses/ROS_Data_Logger/Fathom_Radiant/install/local_setup.sh'
[2.135s] INFO:colcon.colcon_core.shell:Creating prefix util module '/home/adithyakvh/Courses/ROS_Data_Logger/Fathom_Radiant/install/_local_setup_util_sh.py'
[2.136s] INFO:colcon.colcon_core.shell:Creating prefix chain script '/home/adithyakvh/Courses/ROS_Data_Logger/Fathom_Radiant/install/setup.sh'
[2.138s] INFO:colcon.colcon_core.shell:Creating prefix script '/home/adithyakvh/Courses/ROS_Data_Logger/Fathom_Radiant/install/local_setup.bash'
[2.139s] INFO:colcon.colcon_core.shell:Creating prefix chain script '/home/adithyakvh/Courses/ROS_Data_Logger/Fathom_Radiant/install/setup.bash'
[2.141s] INFO:colcon.colcon_core.shell:Creating prefix script '/home/adithyakvh/Courses/ROS_Data_Logger/Fathom_Radiant/install/local_setup.zsh'
[2.142s] INFO:colcon.colcon_core.shell:Creating prefix chain script '/home/adithyakvh/Courses/ROS_Data_Logger/Fathom_Radiant/install/setup.zsh'
