[1.043s] Invoking command in '/home/adithyakvh/Courses/Fathom_Radiant/src/my_package': PYTHONPATH=/home/adithyakvh/Courses/Fathom_Radiant/build/my_package/prefix_override:/home/adithyakvh/Courses/Fathom_Radiant/install/my_package/lib/python3.8/site-packages:${PYTHONPATH} /usr/bin/python3 setup.py egg_info --egg-base ../../build/my_package build --build-base /home/adithyakvh/Courses/Fathom_Radiant/build/my_package/build install --record /home/adithyakvh/Courses/Fathom_Radiant/build/my_package/install.log --install-scripts $base/lib/my_package --single-version-externally-managed
[1.358s] /home/adithyakvh/.local/lib/python3.8/site-packages/setuptools/dist.py:731: UserWarning: Usage of dash-separated 'script-dir' will not be supported in future versions. Please use the underscore name 'script_dir' instead
[1.358s]   warnings.warn(
[1.358s] /home/adithyakvh/.local/lib/python3.8/site-packages/setuptools/dist.py:731: UserWarning: Usage of dash-separated 'install-scripts' will not be supported in future versions. Please use the underscore name 'install_scripts' instead
[1.358s]   warnings.warn(
[1.398s] running egg_info
[1.399s] writing ../../build/my_package/my_package.egg-info/PKG-INFO
[1.399s] writing dependency_links to ../../build/my_package/my_package.egg-info/dependency_links.txt
[1.399s] writing entry points to ../../build/my_package/my_package.egg-info/entry_points.txt
[1.400s] writing requirements to ../../build/my_package/my_package.egg-info/requires.txt
[1.400s] writing top-level names to ../../build/my_package/my_package.egg-info/top_level.txt
[1.403s] reading manifest file '../../build/my_package/my_package.egg-info/SOURCES.txt'
[1.404s] running build
[1.404s] running build_py
[1.405s] running install
[1.405s] /home/adithyakvh/.local/lib/python3.8/site-packages/setuptools/command/install.py:34: SetuptoolsDeprecationWarning: setup.py install is deprecated. Use build and pip and other standards-based tools.
[1.405s]   warnings.warn(
[1.412s] running install_lib
[1.413s] copying /home/adithyakvh/Courses/Fathom_Radiant/build/my_package/build/lib/my_package/publisher_node.py -> /home/adithyakvh/Courses/Fathom_Radiant/install/my_package/lib/python3.8/site-packages/my_package
[1.414s] running install_data
[1.415s] running install_egg_info
[1.417s] running install_scripts
[1.437s] Installing publisher_node script to /home/adithyakvh/Courses/Fathom_Radiant/install/my_package/lib/my_package
[1.437s] Installing subscriber_node script to /home/adithyakvh/Courses/Fathom_Radiant/install/my_package/lib/my_package
[1.474s] Invoked command in '/home/adithyakvh/Courses/Fathom_Radiant/src/my_package' returned '0': PYTHONPATH=/home/adithyakvh/Courses/Fathom_Radiant/build/my_package/prefix_override:/home/adithyakvh/Courses/Fathom_Radiant/install/my_package/lib/python3.8/site-packages:${PYTHONPATH} /usr/bin/python3 setup.py egg_info --egg-base ../../build/my_package build --build-base /home/adithyakvh/Courses/Fathom_Radiant/build/my_package/build install --record /home/adithyakvh/Courses/Fathom_Radiant/build/my_package/install.log --install-scripts $base/lib/my_package --single-version-externally-managed
