[1.068s] Invoking command in '/home/adithyakvh/Courses/Fathom_Radiant/src/my_package': PYTHONPATH=/home/adithyakvh/Courses/Fathom_Radiant/build/my_package/prefix_override:/home/adithyakvh/Courses/Fathom_Radiant/install/my_package/lib/python3.8/site-packages:${PYTHONPATH} /usr/bin/python3 setup.py egg_info --egg-base ../../build/my_package build --build-base /home/adithyakvh/Courses/Fathom_Radiant/build/my_package/build install --record /home/adithyakvh/Courses/Fathom_Radiant/build/my_package/install.log --install-scripts $base/lib/my_package --single-version-externally-managed
[1.444s] /home/adithyakvh/.local/lib/python3.8/site-packages/setuptools/dist.py:731: UserWarning: Usage of dash-separated 'script-dir' will not be supported in future versions. Please use the underscore name 'script_dir' instead
[1.444s]   warnings.warn(
[1.445s] /home/adithyakvh/.local/lib/python3.8/site-packages/setuptools/dist.py:731: UserWarning: Usage of dash-separated 'install-scripts' will not be supported in future versions. Please use the underscore name 'install_scripts' instead
[1.445s]   warnings.warn(
[1.559s] running egg_info
[1.562s] writing ../../build/my_package/my_package.egg-info/PKG-INFO
[1.563s] writing dependency_links to ../../build/my_package/my_package.egg-info/dependency_links.txt
[1.565s] writing entry points to ../../build/my_package/my_package.egg-info/entry_points.txt
[1.565s] writing requirements to ../../build/my_package/my_package.egg-info/requires.txt
[1.566s] writing top-level names to ../../build/my_package/my_package.egg-info/top_level.txt
[1.575s] reading manifest file '../../build/my_package/my_package.egg-info/SOURCES.txt'
[1.577s] running build
[1.578s] running build_py
[1.578s] running install
[1.579s] /home/adithyakvh/.local/lib/python3.8/site-packages/setuptools/command/install.py:34: SetuptoolsDeprecationWarning: setup.py install is deprecated. Use build and pip and other standards-based tools.
[1.579s]   warnings.warn(
[1.592s] running install_lib
[1.595s] running install_data
[1.597s] running install_egg_info
[1.606s] running install_scripts
[1.652s] Installing publisher_node script to /home/adithyakvh/Courses/Fathom_Radiant/install/my_package/lib/my_package
[1.652s] Installing subscriber_node script to /home/adithyakvh/Courses/Fathom_Radiant/install/my_package/lib/my_package
[1.769s] Invoked command in '/home/adithyakvh/Courses/Fathom_Radiant/src/my_package' returned '0': PYTHONPATH=/home/adithyakvh/Courses/Fathom_Radiant/build/my_package/prefix_override:/home/adithyakvh/Courses/Fathom_Radiant/install/my_package/lib/python3.8/site-packages:${PYTHONPATH} /usr/bin/python3 setup.py egg_info --egg-base ../../build/my_package build --build-base /home/adithyakvh/Courses/Fathom_Radiant/build/my_package/build install --record /home/adithyakvh/Courses/Fathom_Radiant/build/my_package/install.log --install-scripts $base/lib/my_package --single-version-externally-managed
