[0.052s] Invoking command in '/home/adithyakvh/Courses/Fathom_Radiant/build/custom_interface': CMAKE_PREFIX_PATH=/home/adithyakvh/Courses/Fathom_Radiant/install/my_package:/home/adithyakvh/Courses/Fathom_Radiant/install/custom_interface:/opt/ros/foxy:/home/adithyakvh/ROS_Installations/catkin_ws/devel:/opt/ros/noetic /usr/bin/cmake /home/adithyakvh/Courses/Fathom_Radiant/src/custom_interface -DCMAKE_INSTALL_PREFIX=/home/adithyakvh/Courses/Fathom_Radiant/install/custom_interface
[0.493s] -- The C compiler identification is GNU 9.4.0
[0.493s] -- The CXX compiler identification is GNU 9.4.0
[0.493s] -- Check for working C compiler: /usr/bin/cc
[0.493s] -- Check for working C compiler: /usr/bin/cc -- works
[0.494s] -- Detecting C compiler ABI info
[0.495s] -- Detecting C compiler ABI info - done
[0.495s] -- Detecting C compile features
[0.495s] -- Detecting C compile features - done
[0.496s] -- Check for working CXX compiler: /usr/bin/c++
[0.537s] -- Check for working CXX compiler: /usr/bin/c++ -- works
[0.538s] -- Detecting CXX compiler ABI info
[0.633s] -- Detecting CXX compiler ABI info - done
[0.646s] -- Detecting CXX compile features
[0.647s] -- Detecting CXX compile features - done
[0.649s] -- Found ament_cmake: 0.9.11 (/opt/ros/foxy/share/ament_cmake/cmake)
[0.679s] -- Found PythonInterp: /usr/bin/python3 (found suitable version "3.8.10", minimum required is "3") 
[0.679s] -- Using PYTHON_EXECUTABLE: /usr/bin/python3
[0.981s] -- Found rclcpp: 2.4.2 (/opt/ros/foxy/share/rclcpp/cmake)
[1.030s] -- Using all available rosidl_typesupport_c: rosidl_typesupport_fastrtps_c;rosidl_typesupport_introspection_c
[1.037s] -- Found rosidl_adapter: 1.3.0 (/opt/ros/foxy/share/rosidl_adapter/cmake)
[1.160s] -- Found OpenSSL: /usr/lib/x86_64-linux-gnu/libcrypto.so (found version "1.1.1f")  
[1.201s] -- Found FastRTPS: /opt/ros/foxy/include  
[1.302s] -- Using all available rosidl_typesupport_cpp: rosidl_typesupport_fastrtps_cpp;rosidl_typesupport_introspection_cpp
[1.374s] -- Found rmw_implementation_cmake: 1.0.3 (/opt/ros/foxy/share/rmw_implementation_cmake/cmake)
[1.376s] -- Using RMW implementation 'rmw_fastrtps_cpp' as default
[1.377s] -- Looking for pthread.h
[1.467s] -- Looking for pthread.h - found
[1.468s] -- Performing Test CMAKE_HAVE_LIBC_PTHREAD
[1.562s] -- Performing Test CMAKE_HAVE_LIBC_PTHREAD - Failed
[1.562s] -- Looking for pthread_create in pthreads
[1.629s] -- Looking for pthread_create in pthreads - not found
[1.629s] -- Looking for pthread_create in pthread
[1.705s] -- Looking for pthread_create in pthread - found
[1.707s] -- Found Threads: TRUE  
[1.875s] -- Found rclpy: 1.0.11 (/opt/ros/foxy/share/rclpy/cmake)
[1.877s] -- Found rosidl_default_generators: 1.0.1 (/opt/ros/foxy/share/rosidl_default_generators/cmake)
[1.889s] -- Found ament_lint_auto: 0.9.7 (/opt/ros/foxy/share/ament_lint_auto/cmake)
[1.993s] -- Found PythonInterp: /usr/bin/python3 (found version "3.8.10") 
[2.063s] -- Found ament_cmake_ros: 0.9.2 (/opt/ros/foxy/share/ament_cmake_ros/cmake)
[2.187s] -- Using all available rosidl_typesupport_c: rosidl_typesupport_fastrtps_c;rosidl_typesupport_introspection_c
[2.199s] -- Using all available rosidl_typesupport_cpp: rosidl_typesupport_fastrtps_cpp;rosidl_typesupport_introspection_cpp
[2.226s] -- Found PythonInterp: /usr/bin/python3 (found suitable version "3.8.10", minimum required is "3.5") 
[2.228s] -- Found python_cmake_module: 0.8.1 (/opt/ros/foxy/share/python_cmake_module/cmake)
[2.258s] -- Found PythonLibs: /usr/lib/x86_64-linux-gnu/libpython3.8.so (found suitable version "3.8.10", minimum required is "3.5") 
[2.258s] -- Using PYTHON_EXECUTABLE: /usr/bin/python3
[2.258s] -- Using PYTHON_INCLUDE_DIRS: /usr/include/python3.8
[2.258s] -- Using PYTHON_LIBRARIES: /usr/lib/x86_64-linux-gnu/libpython3.8.so
[2.284s] -- Found PythonExtra: .so  
[2.609s] -- Added test 'copyright' to check source files copyright and LICENSE
[2.611s] -- Added test 'lint_cmake' to check CMake code style
[2.613s] -- Added test 'xmllint' to check XML markup files
[2.621s] -- Configuring done
[2.661s] -- Generating done
[2.664s] -- Build files have been written to: /home/adithyakvh/Courses/Fathom_Radiant/build/custom_interface
[2.674s] Invoked command in '/home/adithyakvh/Courses/Fathom_Radiant/build/custom_interface' returned '0': CMAKE_PREFIX_PATH=/home/adithyakvh/Courses/Fathom_Radiant/install/my_package:/home/adithyakvh/Courses/Fathom_Radiant/install/custom_interface:/opt/ros/foxy:/home/adithyakvh/ROS_Installations/catkin_ws/devel:/opt/ros/noetic /usr/bin/cmake /home/adithyakvh/Courses/Fathom_Radiant/src/custom_interface -DCMAKE_INSTALL_PREFIX=/home/adithyakvh/Courses/Fathom_Radiant/install/custom_interface
[2.678s] Invoking command in '/home/adithyakvh/Courses/Fathom_Radiant/build/custom_interface': CMAKE_PREFIX_PATH=/home/adithyakvh/Courses/Fathom_Radiant/install/my_package:/home/adithyakvh/Courses/Fathom_Radiant/install/custom_interface:/opt/ros/foxy:/home/adithyakvh/ROS_Installations/catkin_ws/devel:/opt/ros/noetic /usr/bin/cmake --build /home/adithyakvh/Courses/Fathom_Radiant/build/custom_interface -- -j8 -l8
[2.726s] [35m[1mScanning dependencies of target custom_interface__cpp[0m
[2.726s] [  3%] [34m[1mGenerating C code for ROS interfaces[0m
[2.738s] [  6%] [34m[1mGenerating C++ code for ROS interfaces[0m
[2.977s] [  6%] Built target custom_interface__cpp
[2.986s] [35m[1mScanning dependencies of target custom_interface__rosidl_generator_c[0m
[2.989s] [ 16%] [34m[1mGenerating C++ type support for eProsima Fast-RTPS[0m
[2.989s] [ 16%] [34m[1mGenerating C++ introspection for ROS interfaces[0m
[2.989s] [ 12%] [34m[1mGenerating C++ type support dispatch for ROS interfaces[0m
[3.000s] [ 19%] [32mBuilding C object CMakeFiles/custom_interface__rosidl_generator_c.dir/rosidl_generator_c/custom_interface/msg/detail/data_logger__functions.c.o[0m
[3.055s] [ 22%] [32m[1mLinking C shared library libcustom_interface__rosidl_generator_c.so[0m
[3.099s] [ 22%] Built target custom_interface__rosidl_generator_c
[3.116s] [ 29%] [34m[1mGenerating C introspection for ROS interfaces[0m
[3.116s] [ 29%] [34m[1mGenerating C type support dispatch for ROS interfaces[0m
[3.230s] [35m[1mScanning dependencies of target custom_interface__rosidl_typesupport_cpp[0m
[3.236s] [35m[1mScanning dependencies of target custom_interface__rosidl_typesupport_introspection_cpp[0m
[3.240s] [35m[1mScanning dependencies of target custom_interface__rosidl_typesupport_fastrtps_cpp[0m
[3.245s] [ 32%] [32mBuilding CXX object CMakeFiles/custom_interface__rosidl_typesupport_cpp.dir/rosidl_typesupport_cpp/custom_interface/msg/data_logger__type_support.cpp.o[0m
[3.252s] [ 35%] [32mBuilding CXX object CMakeFiles/custom_interface__rosidl_typesupport_introspection_cpp.dir/rosidl_typesupport_introspection_cpp/custom_interface/msg/detail/data_logger__type_support.cpp.o[0m
[3.261s] [ 38%] [32mBuilding CXX object CMakeFiles/custom_interface__rosidl_typesupport_fastrtps_cpp.dir/rosidl_typesupport_fastrtps_cpp/custom_interface/msg/detail/dds_fastrtps/data_logger__type_support.cpp.o[0m
[3.470s] [35m[1mScanning dependencies of target custom_interface__rosidl_typesupport_c[0m
[3.490s] [ 41%] [32mBuilding CXX object CMakeFiles/custom_interface__rosidl_typesupport_c.dir/rosidl_typesupport_c/custom_interface/msg/data_logger__type_support.cpp.o[0m
[3.505s] [35m[1mScanning dependencies of target custom_interface__rosidl_typesupport_introspection_c[0m
[3.526s] [ 45%] [32mBuilding C object CMakeFiles/custom_interface__rosidl_typesupport_introspection_c.dir/rosidl_typesupport_introspection_c/custom_interface/msg/detail/data_logger__type_support.c.o[0m
[3.531s] [ 48%] [32m[1mLinking CXX shared library libcustom_interface__rosidl_typesupport_c.so[0m
[3.581s] [ 51%] [32m[1mLinking C shared library libcustom_interface__rosidl_typesupport_introspection_c.so[0m
[3.584s] [ 51%] Built target custom_interface__rosidl_typesupport_c
[3.584s] [ 54%] [32m[1mLinking CXX shared library libcustom_interface__rosidl_typesupport_cpp.so[0m
[3.589s] [ 58%] [32m[1mLinking CXX shared library libcustom_interface__rosidl_typesupport_introspection_cpp.so[0m
[3.618s] [ 58%] Built target custom_interface__rosidl_typesupport_introspection_c
[3.636s] [ 58%] Built target custom_interface__rosidl_typesupport_cpp
[3.687s] [ 58%] Built target custom_interface__rosidl_typesupport_introspection_cpp
[3.762s] [ 61%] [32m[1mLinking CXX shared library libcustom_interface__rosidl_typesupport_fastrtps_cpp.so[0m
[3.877s] [ 61%] Built target custom_interface__rosidl_typesupport_fastrtps_cpp
[3.889s] [ 64%] [34m[1mGenerating C type support for eProsima Fast-RTPS[0m
[4.109s] [35m[1mScanning dependencies of target custom_interface__rosidl_typesupport_fastrtps_c[0m
[4.124s] [ 67%] [32mBuilding CXX object CMakeFiles/custom_interface__rosidl_typesupport_fastrtps_c.dir/rosidl_typesupport_fastrtps_c/custom_interface/msg/detail/data_logger__type_support_c.cpp.o[0m
[4.481s] [ 70%] [32m[1mLinking CXX shared library libcustom_interface__rosidl_typesupport_fastrtps_c.so[0m
[4.582s] [ 70%] Built target custom_interface__rosidl_typesupport_fastrtps_c
[4.594s] [35m[1mScanning dependencies of target custom_interface[0m
[4.605s] [ 70%] Built target custom_interface
[4.618s] [35m[1mScanning dependencies of target custom_interface__py[0m
[4.629s] [ 74%] [34m[1mGenerating Python code for ROS interfaces[0m
[5.969s] [ 74%] Built target custom_interface__py
[5.981s] [35m[1mScanning dependencies of target custom_interface__python[0m
[6.001s] [ 77%] [32mBuilding C object CMakeFiles/custom_interface__python.dir/rosidl_generator_py/custom_interface/msg/_data_logger_s.c.o[0m
[6.094s] [ 80%] [32m[1mLinking C shared library rosidl_generator_py/custom_interface/libcustom_interface__python.so[0m
[6.138s] [ 80%] Built target custom_interface__python
[6.151s] [35m[1mScanning dependencies of target custom_interface__rosidl_typesupport_introspection_c__pyext[0m
[6.151s] [35m[1mScanning dependencies of target custom_interface__rosidl_typesupport_c__pyext[0m
[6.151s] [35m[1mScanning dependencies of target custom_interface__rosidl_typesupport_fastrtps_c__pyext[0m
[6.171s] [ 83%] [32mBuilding C object CMakeFiles/custom_interface__rosidl_typesupport_introspection_c__pyext.dir/rosidl_generator_py/custom_interface/_custom_interface_s.ep.rosidl_typesupport_introspection_c.c.o[0m
[6.175s] [ 87%] [32mBuilding C object CMakeFiles/custom_interface__rosidl_typesupport_c__pyext.dir/rosidl_generator_py/custom_interface/_custom_interface_s.ep.rosidl_typesupport_c.c.o[0m
[6.177s] [ 90%] [32mBuilding C object CMakeFiles/custom_interface__rosidl_typesupport_fastrtps_c__pyext.dir/rosidl_generator_py/custom_interface/_custom_interface_s.ep.rosidl_typesupport_fastrtps_c.c.o[0m
[6.256s] [ 93%] [32m[1mLinking C shared library rosidl_generator_py/custom_interface/custom_interface_s__rosidl_typesupport_introspection_c.cpython-38-x86_64-linux-gnu.so[0m
[6.260s] [ 96%] [32m[1mLinking C shared library rosidl_generator_py/custom_interface/custom_interface_s__rosidl_typesupport_c.cpython-38-x86_64-linux-gnu.so[0m
[6.266s] [100%] [32m[1mLinking CXX shared library rosidl_generator_py/custom_interface/custom_interface_s__rosidl_typesupport_fastrtps_c.cpython-38-x86_64-linux-gnu.so[0m
[6.303s] [100%] Built target custom_interface__rosidl_typesupport_introspection_c__pyext
[6.303s] [100%] Built target custom_interface__rosidl_typesupport_c__pyext
[6.344s] [100%] Built target custom_interface__rosidl_typesupport_fastrtps_c__pyext
[6.356s] Invoked command in '/home/adithyakvh/Courses/Fathom_Radiant/build/custom_interface' returned '0': CMAKE_PREFIX_PATH=/home/adithyakvh/Courses/Fathom_Radiant/install/my_package:/home/adithyakvh/Courses/Fathom_Radiant/install/custom_interface:/opt/ros/foxy:/home/adithyakvh/ROS_Installations/catkin_ws/devel:/opt/ros/noetic /usr/bin/cmake --build /home/adithyakvh/Courses/Fathom_Radiant/build/custom_interface -- -j8 -l8
[6.433s] Invoking command in '/home/adithyakvh/Courses/Fathom_Radiant/build/custom_interface': CMAKE_PREFIX_PATH=/home/adithyakvh/Courses/Fathom_Radiant/install/my_package:/home/adithyakvh/Courses/Fathom_Radiant/install/custom_interface:/opt/ros/foxy:/home/adithyakvh/ROS_Installations/catkin_ws/devel:/opt/ros/noetic /usr/bin/cmake --install /home/adithyakvh/Courses/Fathom_Radiant/build/custom_interface
[6.442s] -- Install configuration: ""
[6.442s] -- Installing: /home/adithyakvh/Courses/Fathom_Radiant/install/custom_interface/share/ament_index/resource_index/rosidl_interfaces/custom_interface
[6.442s] -- Installing: /home/adithyakvh/Courses/Fathom_Radiant/install/custom_interface/include/custom_interface
[6.443s] -- Installing: /home/adithyakvh/Courses/Fathom_Radiant/install/custom_interface/include/custom_interface/msg
[6.443s] -- Installing: /home/adithyakvh/Courses/Fathom_Radiant/install/custom_interface/include/custom_interface/msg/rosidl_generator_c__visibility_control.h
[6.443s] -- Installing: /home/adithyakvh/Courses/Fathom_Radiant/install/custom_interface/include/custom_interface/msg/detail
[6.443s] -- Installing: /home/adithyakvh/Courses/Fathom_Radiant/install/custom_interface/include/custom_interface/msg/detail/data_logger__functions.h
[6.443s] -- Installing: /home/adithyakvh/Courses/Fathom_Radiant/install/custom_interface/include/custom_interface/msg/detail/data_logger__functions.c
[6.443s] -- Installing: /home/adithyakvh/Courses/Fathom_Radiant/install/custom_interface/include/custom_interface/msg/detail/data_logger__type_support.h
[6.443s] -- Installing: /home/adithyakvh/Courses/Fathom_Radiant/install/custom_interface/include/custom_interface/msg/detail/data_logger__struct.h
[6.443s] -- Installing: /home/adithyakvh/Courses/Fathom_Radiant/install/custom_interface/include/custom_interface/msg/data_logger.h
[6.444s] -- Installing: /home/adithyakvh/Courses/Fathom_Radiant/install/custom_interface/share/custom_interface/environment/library_path.sh
[6.444s] -- Installing: /home/adithyakvh/Courses/Fathom_Radiant/install/custom_interface/share/custom_interface/environment/library_path.dsv
[6.444s] -- Installing: /home/adithyakvh/Courses/Fathom_Radiant/install/custom_interface/lib/libcustom_interface__rosidl_generator_c.so
[6.444s] -- Set runtime path of "/home/adithyakvh/Courses/Fathom_Radiant/install/custom_interface/lib/libcustom_interface__rosidl_generator_c.so" to ""
[6.444s] -- Up-to-date: /home/adithyakvh/Courses/Fathom_Radiant/install/custom_interface/include/custom_interface
[6.444s] -- Up-to-date: /home/adithyakvh/Courses/Fathom_Radiant/install/custom_interface/include/custom_interface/msg
[6.445s] -- Installing: /home/adithyakvh/Courses/Fathom_Radiant/install/custom_interface/include/custom_interface/msg/rosidl_typesupport_fastrtps_c__visibility_control.h
[6.445s] -- Up-to-date: /home/adithyakvh/Courses/Fathom_Radiant/install/custom_interface/include/custom_interface/msg/detail
[6.445s] -- Installing: /home/adithyakvh/Courses/Fathom_Radiant/install/custom_interface/include/custom_interface/msg/detail/data_logger__rosidl_typesupport_fastrtps_c.h
[6.445s] -- Installing: /home/adithyakvh/Courses/Fathom_Radiant/install/custom_interface/lib/libcustom_interface__rosidl_typesupport_fastrtps_c.so
[6.445s] -- Set runtime path of "/home/adithyakvh/Courses/Fathom_Radiant/install/custom_interface/lib/libcustom_interface__rosidl_typesupport_fastrtps_c.so" to ""
[6.446s] -- Up-to-date: /home/adithyakvh/Courses/Fathom_Radiant/install/custom_interface/include/custom_interface
[6.446s] -- Up-to-date: /home/adithyakvh/Courses/Fathom_Radiant/install/custom_interface/include/custom_interface/msg
[6.446s] -- Installing: /home/adithyakvh/Courses/Fathom_Radiant/install/custom_interface/include/custom_interface/msg/rosidl_typesupport_fastrtps_cpp__visibility_control.h
[6.446s] -- Up-to-date: /home/adithyakvh/Courses/Fathom_Radiant/install/custom_interface/include/custom_interface/msg/detail
[6.446s] -- Installing: /home/adithyakvh/Courses/Fathom_Radiant/install/custom_interface/include/custom_interface/msg/detail/data_logger__rosidl_typesupport_fastrtps_cpp.hpp
[6.446s] -- Installing: /home/adithyakvh/Courses/Fathom_Radiant/install/custom_interface/include/custom_interface/msg/detail/dds_fastrtps
[6.446s] -- Installing: /home/adithyakvh/Courses/Fathom_Radiant/install/custom_interface/lib/libcustom_interface__rosidl_typesupport_fastrtps_cpp.so
[6.447s] -- Set runtime path of "/home/adithyakvh/Courses/Fathom_Radiant/install/custom_interface/lib/libcustom_interface__rosidl_typesupport_fastrtps_cpp.so" to ""
[6.447s] -- Up-to-date: /home/adithyakvh/Courses/Fathom_Radiant/install/custom_interface/include/custom_interface
[6.447s] -- Up-to-date: /home/adithyakvh/Courses/Fathom_Radiant/install/custom_interface/include/custom_interface/msg
[6.447s] -- Installing: /home/adithyakvh/Courses/Fathom_Radiant/install/custom_interface/include/custom_interface/msg/rosidl_typesupport_introspection_c__visibility_control.h
[6.447s] -- Up-to-date: /home/adithyakvh/Courses/Fathom_Radiant/install/custom_interface/include/custom_interface/msg/detail
[6.447s] -- Installing: /home/adithyakvh/Courses/Fathom_Radiant/install/custom_interface/include/custom_interface/msg/detail/data_logger__type_support.c
[6.447s] -- Installing: /home/adithyakvh/Courses/Fathom_Radiant/install/custom_interface/include/custom_interface/msg/detail/data_logger__rosidl_typesupport_introspection_c.h
[6.447s] -- Installing: /home/adithyakvh/Courses/Fathom_Radiant/install/custom_interface/lib/libcustom_interface__rosidl_typesupport_introspection_c.so
[6.448s] -- Set runtime path of "/home/adithyakvh/Courses/Fathom_Radiant/install/custom_interface/lib/libcustom_interface__rosidl_typesupport_introspection_c.so" to ""
[6.448s] -- Installing: /home/adithyakvh/Courses/Fathom_Radiant/install/custom_interface/lib/libcustom_interface__rosidl_typesupport_c.so
[6.449s] -- Set runtime path of "/home/adithyakvh/Courses/Fathom_Radiant/install/custom_interface/lib/libcustom_interface__rosidl_typesupport_c.so" to ""
[6.449s] -- Up-to-date: /home/adithyakvh/Courses/Fathom_Radiant/install/custom_interface/include/custom_interface
[6.449s] -- Up-to-date: /home/adithyakvh/Courses/Fathom_Radiant/install/custom_interface/include/custom_interface/msg
[6.449s] -- Installing: /home/adithyakvh/Courses/Fathom_Radiant/install/custom_interface/include/custom_interface/msg/data_logger.hpp
[6.449s] -- Up-to-date: /home/adithyakvh/Courses/Fathom_Radiant/install/custom_interface/include/custom_interface/msg/detail
[6.449s] -- Installing: /home/adithyakvh/Courses/Fathom_Radiant/install/custom_interface/include/custom_interface/msg/detail/data_logger__traits.hpp
[6.449s] -- Installing: /home/adithyakvh/Courses/Fathom_Radiant/install/custom_interface/include/custom_interface/msg/detail/data_logger__builder.hpp
[6.449s] -- Installing: /home/adithyakvh/Courses/Fathom_Radiant/install/custom_interface/include/custom_interface/msg/detail/data_logger__struct.hpp
[6.449s] -- Up-to-date: /home/adithyakvh/Courses/Fathom_Radiant/install/custom_interface/include/custom_interface
[6.450s] -- Up-to-date: /home/adithyakvh/Courses/Fathom_Radiant/install/custom_interface/include/custom_interface/msg
[6.450s] -- Up-to-date: /home/adithyakvh/Courses/Fathom_Radiant/install/custom_interface/include/custom_interface/msg/detail
[6.450s] -- Installing: /home/adithyakvh/Courses/Fathom_Radiant/install/custom_interface/include/custom_interface/msg/detail/data_logger__type_support.cpp
[6.450s] -- Installing: /home/adithyakvh/Courses/Fathom_Radiant/install/custom_interface/include/custom_interface/msg/detail/data_logger__rosidl_typesupport_introspection_cpp.hpp
[6.450s] -- Installing: /home/adithyakvh/Courses/Fathom_Radiant/install/custom_interface/lib/libcustom_interface__rosidl_typesupport_introspection_cpp.so
[6.451s] -- Set runtime path of "/home/adithyakvh/Courses/Fathom_Radiant/install/custom_interface/lib/libcustom_interface__rosidl_typesupport_introspection_cpp.so" to ""
[6.451s] -- Installing: /home/adithyakvh/Courses/Fathom_Radiant/install/custom_interface/lib/libcustom_interface__rosidl_typesupport_cpp.so
[6.451s] -- Set runtime path of "/home/adithyakvh/Courses/Fathom_Radiant/install/custom_interface/lib/libcustom_interface__rosidl_typesupport_cpp.so" to ""
[6.451s] -- Installing: /home/adithyakvh/Courses/Fathom_Radiant/install/custom_interface/share/custom_interface/environment/pythonpath.sh
[6.452s] -- Installing: /home/adithyakvh/Courses/Fathom_Radiant/install/custom_interface/share/custom_interface/environment/pythonpath.dsv
[6.452s] -- Installing: /home/adithyakvh/Courses/Fathom_Radiant/install/custom_interface/lib/python3.8/site-packages/custom_interface/__init__.py
[6.487s] Compiling '/home/adithyakvh/Courses/Fathom_Radiant/install/custom_interface/lib/python3.8/site-packages/custom_interface/__init__.py'...
[6.492s] -- Installing: /home/adithyakvh/Courses/Fathom_Radiant/install/custom_interface/lib/python3.8/site-packages/custom_interface/msg
[6.492s] -- Installing: /home/adithyakvh/Courses/Fathom_Radiant/install/custom_interface/lib/python3.8/site-packages/custom_interface/msg/_data_logger.py
[6.492s] -- Installing: /home/adithyakvh/Courses/Fathom_Radiant/install/custom_interface/lib/python3.8/site-packages/custom_interface/msg/__init__.py
[6.492s] -- Installing: /home/adithyakvh/Courses/Fathom_Radiant/install/custom_interface/lib/python3.8/site-packages/custom_interface/msg/_data_logger_s.c
[6.492s] -- Installing: /home/adithyakvh/Courses/Fathom_Radiant/install/custom_interface/lib/python3.8/site-packages/custom_interface/custom_interface_s__rosidl_typesupport_fastrtps_c.cpython-38-x86_64-linux-gnu.so
[6.493s] -- Set runtime path of "/home/adithyakvh/Courses/Fathom_Radiant/install/custom_interface/lib/python3.8/site-packages/custom_interface/custom_interface_s__rosidl_typesupport_fastrtps_c.cpython-38-x86_64-linux-gnu.so" to ""
[6.494s] -- Installing: /home/adithyakvh/Courses/Fathom_Radiant/install/custom_interface/lib/python3.8/site-packages/custom_interface/custom_interface_s__rosidl_typesupport_introspection_c.cpython-38-x86_64-linux-gnu.so
[6.494s] -- Set runtime path of "/home/adithyakvh/Courses/Fathom_Radiant/install/custom_interface/lib/python3.8/site-packages/custom_interface/custom_interface_s__rosidl_typesupport_introspection_c.cpython-38-x86_64-linux-gnu.so" to ""
[6.494s] -- Installing: /home/adithyakvh/Courses/Fathom_Radiant/install/custom_interface/lib/python3.8/site-packages/custom_interface/custom_interface_s__rosidl_typesupport_c.cpython-38-x86_64-linux-gnu.so
[6.495s] -- Set runtime path of "/home/adithyakvh/Courses/Fathom_Radiant/install/custom_interface/lib/python3.8/site-packages/custom_interface/custom_interface_s__rosidl_typesupport_c.cpython-38-x86_64-linux-gnu.so" to ""
[6.495s] -- Installing: /home/adithyakvh/Courses/Fathom_Radiant/install/custom_interface/lib/libcustom_interface__python.so
[6.496s] -- Set runtime path of "/home/adithyakvh/Courses/Fathom_Radiant/install/custom_interface/lib/libcustom_interface__python.so" to ""
[6.496s] -- Installing: /home/adithyakvh/Courses/Fathom_Radiant/install/custom_interface/share/custom_interface/msg/DataLogger.idl
[6.496s] -- Installing: /home/adithyakvh/Courses/Fathom_Radiant/install/custom_interface/share/custom_interface/msg/DataLogger.msg
[6.496s] -- Installing: /home/adithyakvh/Courses/Fathom_Radiant/install/custom_interface/share/ament_index/resource_index/package_run_dependencies/custom_interface
[6.497s] -- Installing: /home/adithyakvh/Courses/Fathom_Radiant/install/custom_interface/share/ament_index/resource_index/parent_prefix_path/custom_interface
[6.497s] -- Installing: /home/adithyakvh/Courses/Fathom_Radiant/install/custom_interface/share/custom_interface/environment/ament_prefix_path.sh
[6.497s] -- Installing: /home/adithyakvh/Courses/Fathom_Radiant/install/custom_interface/share/custom_interface/environment/ament_prefix_path.dsv
[6.497s] -- Installing: /home/adithyakvh/Courses/Fathom_Radiant/install/custom_interface/share/custom_interface/environment/path.sh
[6.497s] -- Installing: /home/adithyakvh/Courses/Fathom_Radiant/install/custom_interface/share/custom_interface/environment/path.dsv
[6.497s] -- Installing: /home/adithyakvh/Courses/Fathom_Radiant/install/custom_interface/share/custom_interface/local_setup.bash
[6.498s] -- Installing: /home/adithyakvh/Courses/Fathom_Radiant/install/custom_interface/share/custom_interface/local_setup.sh
[6.498s] -- Installing: /home/adithyakvh/Courses/Fathom_Radiant/install/custom_interface/share/custom_interface/local_setup.zsh
[6.498s] -- Installing: /home/adithyakvh/Courses/Fathom_Radiant/install/custom_interface/share/custom_interface/local_setup.dsv
[6.498s] -- Installing: /home/adithyakvh/Courses/Fathom_Radiant/install/custom_interface/share/custom_interface/package.dsv
[6.498s] -- Installing: /home/adithyakvh/Courses/Fathom_Radiant/install/custom_interface/share/ament_index/resource_index/packages/custom_interface
[6.499s] -- Installing: /home/adithyakvh/Courses/Fathom_Radiant/install/custom_interface/share/custom_interface/cmake/custom_interface__rosidl_generator_cExport.cmake
[6.499s] -- Installing: /home/adithyakvh/Courses/Fathom_Radiant/install/custom_interface/share/custom_interface/cmake/custom_interface__rosidl_generator_cExport-noconfig.cmake
[6.499s] -- Installing: /home/adithyakvh/Courses/Fathom_Radiant/install/custom_interface/share/custom_interface/cmake/custom_interface__rosidl_typesupport_introspection_cExport.cmake
[6.500s] -- Installing: /home/adithyakvh/Courses/Fathom_Radiant/install/custom_interface/share/custom_interface/cmake/custom_interface__rosidl_typesupport_introspection_cExport-noconfig.cmake
[6.500s] -- Installing: /home/adithyakvh/Courses/Fathom_Radiant/install/custom_interface/share/custom_interface/cmake/custom_interface__rosidl_typesupport_cExport.cmake
[6.500s] -- Installing: /home/adithyakvh/Courses/Fathom_Radiant/install/custom_interface/share/custom_interface/cmake/custom_interface__rosidl_typesupport_cExport-noconfig.cmake
[6.500s] -- Installing: /home/adithyakvh/Courses/Fathom_Radiant/install/custom_interface/share/custom_interface/cmake/custom_interface__rosidl_generator_cppExport.cmake
[6.500s] -- Installing: /home/adithyakvh/Courses/Fathom_Radiant/install/custom_interface/share/custom_interface/cmake/custom_interface__rosidl_typesupport_introspection_cppExport.cmake
[6.501s] -- Installing: /home/adithyakvh/Courses/Fathom_Radiant/install/custom_interface/share/custom_interface/cmake/custom_interface__rosidl_typesupport_introspection_cppExport-noconfig.cmake
[6.501s] -- Installing: /home/adithyakvh/Courses/Fathom_Radiant/install/custom_interface/share/custom_interface/cmake/custom_interface__rosidl_typesupport_cppExport.cmake
[6.501s] -- Installing: /home/adithyakvh/Courses/Fathom_Radiant/install/custom_interface/share/custom_interface/cmake/custom_interface__rosidl_typesupport_cppExport-noconfig.cmake
[6.501s] -- Installing: /home/adithyakvh/Courses/Fathom_Radiant/install/custom_interface/share/custom_interface/cmake/rosidl_cmake-extras.cmake
[6.501s] -- Installing: /home/adithyakvh/Courses/Fathom_Radiant/install/custom_interface/share/custom_interface/cmake/ament_cmake_export_dependencies-extras.cmake
[6.501s] -- Installing: /home/adithyakvh/Courses/Fathom_Radiant/install/custom_interface/share/custom_interface/cmake/ament_cmake_export_libraries-extras.cmake
[6.502s] -- Installing: /home/adithyakvh/Courses/Fathom_Radiant/install/custom_interface/share/custom_interface/cmake/ament_cmake_export_targets-extras.cmake
[6.502s] -- Installing: /home/adithyakvh/Courses/Fathom_Radiant/install/custom_interface/share/custom_interface/cmake/ament_cmake_export_include_directories-extras.cmake
[6.502s] -- Installing: /home/adithyakvh/Courses/Fathom_Radiant/install/custom_interface/share/custom_interface/cmake/rosidl_cmake_export_typesupport_libraries-extras.cmake
[6.502s] -- Installing: /home/adithyakvh/Courses/Fathom_Radiant/install/custom_interface/share/custom_interface/cmake/rosidl_cmake_export_typesupport_targets-extras.cmake
[6.502s] -- Installing: /home/adithyakvh/Courses/Fathom_Radiant/install/custom_interface/share/custom_interface/cmake/custom_interfaceConfig.cmake
[6.502s] -- Installing: /home/adithyakvh/Courses/Fathom_Radiant/install/custom_interface/share/custom_interface/cmake/custom_interfaceConfig-version.cmake
[6.502s] -- Installing: /home/adithyakvh/Courses/Fathom_Radiant/install/custom_interface/share/custom_interface/package.xml
[6.510s] Invoked command in '/home/adithyakvh/Courses/Fathom_Radiant/build/custom_interface' returned '0': CMAKE_PREFIX_PATH=/home/adithyakvh/Courses/Fathom_Radiant/install/my_package:/home/adithyakvh/Courses/Fathom_Radiant/install/custom_interface:/opt/ros/foxy:/home/adithyakvh/ROS_Installations/catkin_ws/devel:/opt/ros/noetic /usr/bin/cmake --install /home/adithyakvh/Courses/Fathom_Radiant/build/custom_interface
