[0.055s] Invoking command in '/home/adithyakvh/Courses/ROS_Data_Logger/Fathom_Radiant/build/custom_interface': CMAKE_PREFIX_PATH=/home/adithyakvh/Courses/ROS_Data_Logger/Fathom_Radiant/install/custom_interface:/home/adithyakvh/Courses/ROS_Data_Logger/Fathom_Radiant/install/my_package:/opt/ros/foxy:/home/adithyakvh/ROS_Installations/catkin_ws/devel:/opt/ros/noetic /usr/bin/cmake --build /home/adithyakvh/Courses/ROS_Data_Logger/Fathom_Radiant/build/custom_interface -- -j8 -l8
[0.117s] [  3%] Built target custom_interface__cpp
[0.119s] [ 12%] Built target custom_interface__rosidl_generator_c
[0.146s] [ 22%] Built target custom_interface__rosidl_typesupport_c
[0.150s] [ 32%] Built target custom_interface__rosidl_typesupport_introspection_c
[0.152s] [ 51%] Built target custom_interface__rosidl_typesupport_cpp
[0.152s] [ 51%] Built target custom_interface__rosidl_typesupport_introspection_cpp
[0.157s] [ 61%] Built target custom_interface__rosidl_typesupport_fastrtps_cpp
[0.186s] [ 70%] Built target custom_interface__rosidl_typesupport_fastrtps_c
[0.209s] [ 70%] Built target custom_interface
[0.232s] [ 74%] Built target custom_interface__py
[0.264s] [ 80%] Built target custom_interface__python
[0.294s] [100%] Built target custom_interface__rosidl_typesupport_fastrtps_c__pyext
[0.294s] [100%] Built target custom_interface__rosidl_typesupport_c__pyext
[0.294s] [100%] Built target custom_interface__rosidl_typesupport_introspection_c__pyext
[0.494s] Invoked command in '/home/adithyakvh/Courses/ROS_Data_Logger/Fathom_Radiant/build/custom_interface' returned '0': CMAKE_PREFIX_PATH=/home/adithyakvh/Courses/ROS_Data_Logger/Fathom_Radiant/install/custom_interface:/home/adithyakvh/Courses/ROS_Data_Logger/Fathom_Radiant/install/my_package:/opt/ros/foxy:/home/adithyakvh/ROS_Installations/catkin_ws/devel:/opt/ros/noetic /usr/bin/cmake --build /home/adithyakvh/Courses/ROS_Data_Logger/Fathom_Radiant/build/custom_interface -- -j8 -l8
[0.569s] Invoking command in '/home/adithyakvh/Courses/ROS_Data_Logger/Fathom_Radiant/build/custom_interface': CMAKE_PREFIX_PATH=/home/adithyakvh/Courses/ROS_Data_Logger/Fathom_Radiant/install/custom_interface:/home/adithyakvh/Courses/ROS_Data_Logger/Fathom_Radiant/install/my_package:/opt/ros/foxy:/home/adithyakvh/ROS_Installations/catkin_ws/devel:/opt/ros/noetic /usr/bin/cmake --install /home/adithyakvh/Courses/ROS_Data_Logger/Fathom_Radiant/build/custom_interface
[0.578s] -- Install configuration: ""
[0.578s] -- Up-to-date: /home/adithyakvh/Courses/ROS_Data_Logger/Fathom_Radiant/install/custom_interface/share/ament_index/resource_index/rosidl_interfaces/custom_interface
[0.578s] -- Up-to-date: /home/adithyakvh/Courses/ROS_Data_Logger/Fathom_Radiant/install/custom_interface/include/custom_interface
[0.579s] -- Up-to-date: /home/adithyakvh/Courses/ROS_Data_Logger/Fathom_Radiant/install/custom_interface/include/custom_interface/msg
[0.579s] -- Up-to-date: /home/adithyakvh/Courses/ROS_Data_Logger/Fathom_Radiant/install/custom_interface/include/custom_interface/msg/rosidl_generator_c__visibility_control.h
[0.579s] -- Up-to-date: /home/adithyakvh/Courses/ROS_Data_Logger/Fathom_Radiant/install/custom_interface/include/custom_interface/msg/detail
[0.579s] -- Up-to-date: /home/adithyakvh/Courses/ROS_Data_Logger/Fathom_Radiant/install/custom_interface/include/custom_interface/msg/detail/data_logger__functions.h
[0.579s] -- Up-to-date: /home/adithyakvh/Courses/ROS_Data_Logger/Fathom_Radiant/install/custom_interface/include/custom_interface/msg/detail/data_logger__functions.c
[0.579s] -- Up-to-date: /home/adithyakvh/Courses/ROS_Data_Logger/Fathom_Radiant/install/custom_interface/include/custom_interface/msg/detail/data_logger__type_support.h
[0.580s] -- Up-to-date: /home/adithyakvh/Courses/ROS_Data_Logger/Fathom_Radiant/install/custom_interface/include/custom_interface/msg/detail/data_logger__struct.h
[0.580s] -- Up-to-date: /home/adithyakvh/Courses/ROS_Data_Logger/Fathom_Radiant/install/custom_interface/include/custom_interface/msg/data_logger.h
[0.580s] -- Up-to-date: /home/adithyakvh/Courses/ROS_Data_Logger/Fathom_Radiant/install/custom_interface/share/custom_interface/environment/library_path.sh
[0.580s] -- Up-to-date: /home/adithyakvh/Courses/ROS_Data_Logger/Fathom_Radiant/install/custom_interface/share/custom_interface/environment/library_path.dsv
[0.580s] -- Up-to-date: /home/adithyakvh/Courses/ROS_Data_Logger/Fathom_Radiant/install/custom_interface/lib/libcustom_interface__rosidl_generator_c.so
[0.580s] -- Up-to-date: /home/adithyakvh/Courses/ROS_Data_Logger/Fathom_Radiant/install/custom_interface/include/custom_interface
[0.581s] -- Up-to-date: /home/adithyakvh/Courses/ROS_Data_Logger/Fathom_Radiant/install/custom_interface/include/custom_interface/msg
[0.581s] -- Up-to-date: /home/adithyakvh/Courses/ROS_Data_Logger/Fathom_Radiant/install/custom_interface/include/custom_interface/msg/rosidl_typesupport_fastrtps_c__visibility_control.h
[0.581s] -- Up-to-date: /home/adithyakvh/Courses/ROS_Data_Logger/Fathom_Radiant/install/custom_interface/include/custom_interface/msg/detail
[0.581s] -- Up-to-date: /home/adithyakvh/Courses/ROS_Data_Logger/Fathom_Radiant/install/custom_interface/include/custom_interface/msg/detail/data_logger__rosidl_typesupport_fastrtps_c.h
[0.581s] -- Up-to-date: /home/adithyakvh/Courses/ROS_Data_Logger/Fathom_Radiant/install/custom_interface/lib/libcustom_interface__rosidl_typesupport_fastrtps_c.so
[0.581s] -- Up-to-date: /home/adithyakvh/Courses/ROS_Data_Logger/Fathom_Radiant/install/custom_interface/include/custom_interface
[0.581s] -- Up-to-date: /home/adithyakvh/Courses/ROS_Data_Logger/Fathom_Radiant/install/custom_interface/include/custom_interface/msg
[0.581s] -- Up-to-date: /home/adithyakvh/Courses/ROS_Data_Logger/Fathom_Radiant/install/custom_interface/include/custom_interface/msg/rosidl_typesupport_fastrtps_cpp__visibility_control.h
[0.581s] -- Up-to-date: /home/adithyakvh/Courses/ROS_Data_Logger/Fathom_Radiant/install/custom_interface/include/custom_interface/msg/detail
[0.581s] -- Up-to-date: /home/adithyakvh/Courses/ROS_Data_Logger/Fathom_Radiant/install/custom_interface/include/custom_interface/msg/detail/data_logger__rosidl_typesupport_fastrtps_cpp.hpp
[0.581s] -- Up-to-date: /home/adithyakvh/Courses/ROS_Data_Logger/Fathom_Radiant/install/custom_interface/include/custom_interface/msg/detail/dds_fastrtps
[0.581s] -- Up-to-date: /home/adithyakvh/Courses/ROS_Data_Logger/Fathom_Radiant/install/custom_interface/lib/libcustom_interface__rosidl_typesupport_fastrtps_cpp.so
[0.582s] -- Up-to-date: /home/adithyakvh/Courses/ROS_Data_Logger/Fathom_Radiant/install/custom_interface/include/custom_interface
[0.582s] -- Up-to-date: /home/adithyakvh/Courses/ROS_Data_Logger/Fathom_Radiant/install/custom_interface/include/custom_interface/msg
[0.582s] -- Up-to-date: /home/adithyakvh/Courses/ROS_Data_Logger/Fathom_Radiant/install/custom_interface/include/custom_interface/msg/rosidl_typesupport_introspection_c__visibility_control.h
[0.582s] -- Up-to-date: /home/adithyakvh/Courses/ROS_Data_Logger/Fathom_Radiant/install/custom_interface/include/custom_interface/msg/detail
[0.582s] -- Up-to-date: /home/adithyakvh/Courses/ROS_Data_Logger/Fathom_Radiant/install/custom_interface/include/custom_interface/msg/detail/data_logger__type_support.c
[0.582s] -- Up-to-date: /home/adithyakvh/Courses/ROS_Data_Logger/Fathom_Radiant/install/custom_interface/include/custom_interface/msg/detail/data_logger__rosidl_typesupport_introspection_c.h
[0.582s] -- Up-to-date: /home/adithyakvh/Courses/ROS_Data_Logger/Fathom_Radiant/install/custom_interface/lib/libcustom_interface__rosidl_typesupport_introspection_c.so
[0.583s] -- Up-to-date: /home/adithyakvh/Courses/ROS_Data_Logger/Fathom_Radiant/install/custom_interface/lib/libcustom_interface__rosidl_typesupport_c.so
[0.583s] -- Up-to-date: /home/adithyakvh/Courses/ROS_Data_Logger/Fathom_Radiant/install/custom_interface/include/custom_interface
[0.583s] -- Up-to-date: /home/adithyakvh/Courses/ROS_Data_Logger/Fathom_Radiant/install/custom_interface/include/custom_interface/msg
[0.583s] -- Up-to-date: /home/adithyakvh/Courses/ROS_Data_Logger/Fathom_Radiant/install/custom_interface/include/custom_interface/msg/data_logger.hpp
[0.584s] -- Up-to-date: /home/adithyakvh/Courses/ROS_Data_Logger/Fathom_Radiant/install/custom_interface/include/custom_interface/msg/detail
[0.584s] -- Up-to-date: /home/adithyakvh/Courses/ROS_Data_Logger/Fathom_Radiant/install/custom_interface/include/custom_interface/msg/detail/data_logger__traits.hpp
[0.584s] -- Up-to-date: /home/adithyakvh/Courses/ROS_Data_Logger/Fathom_Radiant/install/custom_interface/include/custom_interface/msg/detail/data_logger__builder.hpp
[0.584s] -- Up-to-date: /home/adithyakvh/Courses/ROS_Data_Logger/Fathom_Radiant/install/custom_interface/include/custom_interface/msg/detail/data_logger__struct.hpp
[0.584s] -- Up-to-date: /home/adithyakvh/Courses/ROS_Data_Logger/Fathom_Radiant/install/custom_interface/include/custom_interface
[0.584s] -- Up-to-date: /home/adithyakvh/Courses/ROS_Data_Logger/Fathom_Radiant/install/custom_interface/include/custom_interface/msg
[0.584s] -- Up-to-date: /home/adithyakvh/Courses/ROS_Data_Logger/Fathom_Radiant/install/custom_interface/include/custom_interface/msg/detail
[0.584s] -- Up-to-date: /home/adithyakvh/Courses/ROS_Data_Logger/Fathom_Radiant/install/custom_interface/include/custom_interface/msg/detail/data_logger__type_support.cpp
[0.584s] -- Up-to-date: /home/adithyakvh/Courses/ROS_Data_Logger/Fathom_Radiant/install/custom_interface/include/custom_interface/msg/detail/data_logger__rosidl_typesupport_introspection_cpp.hpp
[0.584s] -- Up-to-date: /home/adithyakvh/Courses/ROS_Data_Logger/Fathom_Radiant/install/custom_interface/lib/libcustom_interface__rosidl_typesupport_introspection_cpp.so
[0.585s] -- Up-to-date: /home/adithyakvh/Courses/ROS_Data_Logger/Fathom_Radiant/install/custom_interface/lib/libcustom_interface__rosidl_typesupport_cpp.so
[0.585s] -- Up-to-date: /home/adithyakvh/Courses/ROS_Data_Logger/Fathom_Radiant/install/custom_interface/share/custom_interface/environment/pythonpath.sh
[0.585s] -- Up-to-date: /home/adithyakvh/Courses/ROS_Data_Logger/Fathom_Radiant/install/custom_interface/share/custom_interface/environment/pythonpath.dsv
[0.585s] -- Up-to-date: /home/adithyakvh/Courses/ROS_Data_Logger/Fathom_Radiant/install/custom_interface/lib/python3.8/site-packages/custom_interface/__init__.py
[0.622s] -- Up-to-date: /home/adithyakvh/Courses/ROS_Data_Logger/Fathom_Radiant/install/custom_interface/lib/python3.8/site-packages/custom_interface/msg
[0.623s] -- Up-to-date: /home/adithyakvh/Courses/ROS_Data_Logger/Fathom_Radiant/install/custom_interface/lib/python3.8/site-packages/custom_interface/msg/_data_logger.py
[0.623s] -- Up-to-date: /home/adithyakvh/Courses/ROS_Data_Logger/Fathom_Radiant/install/custom_interface/lib/python3.8/site-packages/custom_interface/msg/__init__.py
[0.623s] -- Up-to-date: /home/adithyakvh/Courses/ROS_Data_Logger/Fathom_Radiant/install/custom_interface/lib/python3.8/site-packages/custom_interface/msg/_data_logger_s.c
[0.623s] -- Up-to-date: /home/adithyakvh/Courses/ROS_Data_Logger/Fathom_Radiant/install/custom_interface/lib/python3.8/site-packages/custom_interface/custom_interface_s__rosidl_typesupport_fastrtps_c.cpython-38-x86_64-linux-gnu.so
[0.624s] -- Up-to-date: /home/adithyakvh/Courses/ROS_Data_Logger/Fathom_Radiant/install/custom_interface/lib/python3.8/site-packages/custom_interface/custom_interface_s__rosidl_typesupport_introspection_c.cpython-38-x86_64-linux-gnu.so
[0.625s] -- Up-to-date: /home/adithyakvh/Courses/ROS_Data_Logger/Fathom_Radiant/install/custom_interface/lib/python3.8/site-packages/custom_interface/custom_interface_s__rosidl_typesupport_c.cpython-38-x86_64-linux-gnu.so
[0.626s] -- Up-to-date: /home/adithyakvh/Courses/ROS_Data_Logger/Fathom_Radiant/install/custom_interface/lib/libcustom_interface__python.so
[0.626s] -- Up-to-date: /home/adithyakvh/Courses/ROS_Data_Logger/Fathom_Radiant/install/custom_interface/share/custom_interface/msg/DataLogger.idl
[0.626s] -- Up-to-date: /home/adithyakvh/Courses/ROS_Data_Logger/Fathom_Radiant/install/custom_interface/share/custom_interface/msg/DataLogger.msg
[0.626s] -- Up-to-date: /home/adithyakvh/Courses/ROS_Data_Logger/Fathom_Radiant/install/custom_interface/share/ament_index/resource_index/package_run_dependencies/custom_interface
[0.627s] -- Up-to-date: /home/adithyakvh/Courses/ROS_Data_Logger/Fathom_Radiant/install/custom_interface/share/ament_index/resource_index/parent_prefix_path/custom_interface
[0.627s] -- Up-to-date: /home/adithyakvh/Courses/ROS_Data_Logger/Fathom_Radiant/install/custom_interface/share/custom_interface/environment/ament_prefix_path.sh
[0.627s] -- Up-to-date: /home/adithyakvh/Courses/ROS_Data_Logger/Fathom_Radiant/install/custom_interface/share/custom_interface/environment/ament_prefix_path.dsv
[0.627s] -- Up-to-date: /home/adithyakvh/Courses/ROS_Data_Logger/Fathom_Radiant/install/custom_interface/share/custom_interface/environment/path.sh
[0.627s] -- Up-to-date: /home/adithyakvh/Courses/ROS_Data_Logger/Fathom_Radiant/install/custom_interface/share/custom_interface/environment/path.dsv
[0.628s] -- Up-to-date: /home/adithyakvh/Courses/ROS_Data_Logger/Fathom_Radiant/install/custom_interface/share/custom_interface/local_setup.bash
[0.628s] -- Up-to-date: /home/adithyakvh/Courses/ROS_Data_Logger/Fathom_Radiant/install/custom_interface/share/custom_interface/local_setup.sh
[0.628s] -- Up-to-date: /home/adithyakvh/Courses/ROS_Data_Logger/Fathom_Radiant/install/custom_interface/share/custom_interface/local_setup.zsh
[0.628s] -- Up-to-date: /home/adithyakvh/Courses/ROS_Data_Logger/Fathom_Radiant/install/custom_interface/share/custom_interface/local_setup.dsv
[0.628s] -- Installing: /home/adithyakvh/Courses/ROS_Data_Logger/Fathom_Radiant/install/custom_interface/share/custom_interface/package.dsv
[0.628s] -- Up-to-date: /home/adithyakvh/Courses/ROS_Data_Logger/Fathom_Radiant/install/custom_interface/share/ament_index/resource_index/packages/custom_interface
[0.629s] -- Up-to-date: /home/adithyakvh/Courses/ROS_Data_Logger/Fathom_Radiant/install/custom_interface/share/custom_interface/cmake/custom_interface__rosidl_generator_cExport.cmake
[0.629s] -- Up-to-date: /home/adithyakvh/Courses/ROS_Data_Logger/Fathom_Radiant/install/custom_interface/share/custom_interface/cmake/custom_interface__rosidl_generator_cExport-noconfig.cmake
[0.629s] -- Up-to-date: /home/adithyakvh/Courses/ROS_Data_Logger/Fathom_Radiant/install/custom_interface/share/custom_interface/cmake/custom_interface__rosidl_typesupport_introspection_cExport.cmake
[0.629s] -- Up-to-date: /home/adithyakvh/Courses/ROS_Data_Logger/Fathom_Radiant/install/custom_interface/share/custom_interface/cmake/custom_interface__rosidl_typesupport_introspection_cExport-noconfig.cmake
[0.629s] -- Up-to-date: /home/adithyakvh/Courses/ROS_Data_Logger/Fathom_Radiant/install/custom_interface/share/custom_interface/cmake/custom_interface__rosidl_typesupport_cExport.cmake
[0.629s] -- Up-to-date: /home/adithyakvh/Courses/ROS_Data_Logger/Fathom_Radiant/install/custom_interface/share/custom_interface/cmake/custom_interface__rosidl_typesupport_cExport-noconfig.cmake
[0.630s] -- Up-to-date: /home/adithyakvh/Courses/ROS_Data_Logger/Fathom_Radiant/install/custom_interface/share/custom_interface/cmake/custom_interface__rosidl_generator_cppExport.cmake
[0.630s] -- Up-to-date: /home/adithyakvh/Courses/ROS_Data_Logger/Fathom_Radiant/install/custom_interface/share/custom_interface/cmake/custom_interface__rosidl_typesupport_introspection_cppExport.cmake
[0.630s] -- Up-to-date: /home/adithyakvh/Courses/ROS_Data_Logger/Fathom_Radiant/install/custom_interface/share/custom_interface/cmake/custom_interface__rosidl_typesupport_introspection_cppExport-noconfig.cmake
[0.630s] -- Up-to-date: /home/adithyakvh/Courses/ROS_Data_Logger/Fathom_Radiant/install/custom_interface/share/custom_interface/cmake/custom_interface__rosidl_typesupport_cppExport.cmake
[0.630s] -- Up-to-date: /home/adithyakvh/Courses/ROS_Data_Logger/Fathom_Radiant/install/custom_interface/share/custom_interface/cmake/custom_interface__rosidl_typesupport_cppExport-noconfig.cmake
[0.630s] -- Up-to-date: /home/adithyakvh/Courses/ROS_Data_Logger/Fathom_Radiant/install/custom_interface/share/custom_interface/cmake/rosidl_cmake-extras.cmake
[0.631s] -- Up-to-date: /home/adithyakvh/Courses/ROS_Data_Logger/Fathom_Radiant/install/custom_interface/share/custom_interface/cmake/ament_cmake_export_dependencies-extras.cmake
[0.631s] -- Up-to-date: /home/adithyakvh/Courses/ROS_Data_Logger/Fathom_Radiant/install/custom_interface/share/custom_interface/cmake/ament_cmake_export_libraries-extras.cmake
[0.631s] -- Up-to-date: /home/adithyakvh/Courses/ROS_Data_Logger/Fathom_Radiant/install/custom_interface/share/custom_interface/cmake/ament_cmake_export_targets-extras.cmake
[0.631s] -- Up-to-date: /home/adithyakvh/Courses/ROS_Data_Logger/Fathom_Radiant/install/custom_interface/share/custom_interface/cmake/ament_cmake_export_include_directories-extras.cmake
[0.631s] -- Up-to-date: /home/adithyakvh/Courses/ROS_Data_Logger/Fathom_Radiant/install/custom_interface/share/custom_interface/cmake/rosidl_cmake_export_typesupport_libraries-extras.cmake
[0.631s] -- Up-to-date: /home/adithyakvh/Courses/ROS_Data_Logger/Fathom_Radiant/install/custom_interface/share/custom_interface/cmake/rosidl_cmake_export_typesupport_targets-extras.cmake
[0.631s] -- Up-to-date: /home/adithyakvh/Courses/ROS_Data_Logger/Fathom_Radiant/install/custom_interface/share/custom_interface/cmake/custom_interfaceConfig.cmake
[0.631s] -- Up-to-date: /home/adithyakvh/Courses/ROS_Data_Logger/Fathom_Radiant/install/custom_interface/share/custom_interface/cmake/custom_interfaceConfig-version.cmake
[0.631s] -- Up-to-date: /home/adithyakvh/Courses/ROS_Data_Logger/Fathom_Radiant/install/custom_interface/share/custom_interface/package.xml
[0.636s] Invoked command in '/home/adithyakvh/Courses/ROS_Data_Logger/Fathom_Radiant/build/custom_interface' returned '0': CMAKE_PREFIX_PATH=/home/adithyakvh/Courses/ROS_Data_Logger/Fathom_Radiant/install/custom_interface:/home/adithyakvh/Courses/ROS_Data_Logger/Fathom_Radiant/install/my_package:/opt/ros/foxy:/home/adithyakvh/ROS_Installations/catkin_ws/devel:/opt/ros/noetic /usr/bin/cmake --install /home/adithyakvh/Courses/ROS_Data_Logger/Fathom_Radiant/build/custom_interface
